mode: set
github.com/mxngocqb/VCS-SERVER/back-end/cmd/report/main.go:18.13,24.16 3 0
github.com/mxngocqb/VCS-SERVER/back-end/cmd/report/main.go:24.16,26.3 1 0
github.com/mxngocqb/VCS-SERVER/back-end/cmd/report/main.go:27.2,28.16 2 0
github.com/mxngocqb/VCS-SERVER/back-end/cmd/report/main.go:28.16,30.3 1 0
github.com/mxngocqb/VCS-SERVER/back-end/cmd/api/main.go:21.13,28.16 4 0
github.com/mxngocqb/VCS-SERVER/back-end/cmd/api/main.go:28.16,30.3 1 0
github.com/mxngocqb/VCS-SERVER/back-end/cmd/api/main.go:33.2,33.44 1 0
github.com/mxngocqb/VCS-SERVER/back-end/cmd/api/main.go:33.44,35.3 1 0
github.com/mxngocqb/VCS-SERVER/back-end/docs/docs.go:1053.13,1055.2 1 0
github.com/mxngocqb/VCS-SERVER/back-end/cmd/migration/main.go:13.13,16.16 2 0
github.com/mxngocqb/VCS-SERVER/back-end/cmd/migration/main.go:16.16,18.3 1 0
github.com/mxngocqb/VCS-SERVER/back-end/cmd/migration/main.go:21.2,29.86 2 0
github.com/mxngocqb/VCS-SERVER/back-end/cmd/migration/main.go:29.86,31.3 1 0
github.com/mxngocqb/VCS-SERVER/back-end/cmd/migration/main.go:34.2,41.16 3 0
github.com/mxngocqb/VCS-SERVER/back-end/cmd/migration/main.go:41.16,42.57 1 0
github.com/mxngocqb/VCS-SERVER/back-end/cmd/migration/main.go:46.2,47.16 2 0
github.com/mxngocqb/VCS-SERVER/back-end/cmd/migration/main.go:47.16,48.33 1 0
github.com/mxngocqb/VCS-SERVER/back-end/cmd/migration/main.go:52.2,53.16 2 0
github.com/mxngocqb/VCS-SERVER/back-end/cmd/migration/main.go:53.16,54.38 1 0
github.com/mxngocqb/VCS-SERVER/back-end/cmd/migration/main.go:56.2,59.38 2 0
github.com/mxngocqb/VCS-SERVER/back-end/cmd/migration/main.go:59.38,61.3 1 0
github.com/mxngocqb/VCS-SERVER/back-end/cmd/migration/main.go:64.2,64.38 1 0
github.com/mxngocqb/VCS-SERVER/back-end/cmd/migration/main.go:64.38,66.3 1 0
github.com/mxngocqb/VCS-SERVER/back-end/cmd/migration/main.go:68.2,68.46 1 0
github.com/mxngocqb/VCS-SERVER/back-end/cmd/migration/main.go:72.35,80.32 2 0
github.com/mxngocqb/VCS-SERVER/back-end/cmd/migration/main.go:80.32,82.26 2 0
github.com/mxngocqb/VCS-SERVER/back-end/cmd/migration/main.go:82.26,84.4 1 0
github.com/mxngocqb/VCS-SERVER/back-end/cmd/migration/main.go:85.3,85.69 1 0
github.com/mxngocqb/VCS-SERVER/back-end/cmd/migration/main.go:88.2,88.12 1 0
github.com/mxngocqb/VCS-SERVER/back-end/cmd/migration/main.go:92.35,100.35 2 0
github.com/mxngocqb/VCS-SERVER/back-end/cmd/migration/main.go:100.35,102.32 2 0
github.com/mxngocqb/VCS-SERVER/back-end/cmd/migration/main.go:102.32,104.10 1 0
github.com/mxngocqb/VCS-SERVER/back-end/cmd/migration/main.go:105.9,105.75 1 0
github.com/mxngocqb/VCS-SERVER/back-end/cmd/migration/main.go:108.5,108.15 1 0
github.com/mxngocqb/VCS-SERVER/back-end/cmd/health_check/main.go:10.13,17.16 4 0
github.com/mxngocqb/VCS-SERVER/back-end/cmd/health_check/main.go:17.16,19.3 1 0
github.com/mxngocqb/VCS-SERVER/back-end/cmd/health_check/main.go:21.2,22.16 2 0
github.com/mxngocqb/VCS-SERVER/back-end/cmd/health_check/main.go:22.16,24.3 1 0
github.com/mxngocqb/VCS-SERVER/back-end/internal/handler/auth/service.go:23.68,27.2 1 0
github.com/mxngocqb/VCS-SERVER/back-end/internal/handler/auth/service.go:40.80,43.16 2 0
github.com/mxngocqb/VCS-SERVER/back-end/internal/handler/auth/service.go:43.16,45.3 1 0
github.com/mxngocqb/VCS-SERVER/back-end/internal/handler/auth/service.go:48.2,49.16 2 0
github.com/mxngocqb/VCS-SERVER/back-end/internal/handler/auth/service.go:49.16,51.3 1 0
github.com/mxngocqb/VCS-SERVER/back-end/internal/handler/auth/service.go:54.2,54.18 1 0
github.com/mxngocqb/VCS-SERVER/back-end/internal/handler/rbac.go:16.80,20.2 1 0
github.com/mxngocqb/VCS-SERVER/back-end/internal/handler/rbac.go:22.74,27.16 3 0
github.com/mxngocqb/VCS-SERVER/back-end/internal/handler/rbac.go:27.16,29.3 1 0
github.com/mxngocqb/VCS-SERVER/back-end/internal/handler/rbac.go:32.2,32.29 1 0
github.com/mxngocqb/VCS-SERVER/back-end/internal/handler/rbac.go:32.29,33.19 1 0
github.com/mxngocqb/VCS-SERVER/back-end/internal/handler/rbac.go:33.19,35.4 1 0
github.com/mxngocqb/VCS-SERVER/back-end/internal/handler/rbac.go:38.2,38.71 1 0
github.com/mxngocqb/VCS-SERVER/back-end/internal/api.go:28.38,31.16 2 0
github.com/mxngocqb/VCS-SERVER/back-end/internal/api.go:31.16,33.3 1 0
github.com/mxngocqb/VCS-SERVER/back-end/internal/api.go:36.2,39.16 3 0
github.com/mxngocqb/VCS-SERVER/back-end/internal/api.go:39.16,41.3 1 0
github.com/mxngocqb/VCS-SERVER/back-end/internal/api.go:41.8,43.3 1 0
github.com/mxngocqb/VCS-SERVER/back-end/internal/api.go:45.2,52.16 5 0
github.com/mxngocqb/VCS-SERVER/back-end/internal/api.go:52.16,54.3 1 0
github.com/mxngocqb/VCS-SERVER/back-end/internal/api.go:55.2,56.62 2 0
github.com/mxngocqb/VCS-SERVER/back-end/internal/api.go:56.62,58.3 1 0
github.com/mxngocqb/VCS-SERVER/back-end/internal/api.go:60.2,62.28 3 0
github.com/mxngocqb/VCS-SERVER/back-end/internal/api.go:62.28,64.3 1 0
github.com/mxngocqb/VCS-SERVER/back-end/internal/api.go:67.2,106.12 22 0
github.com/mxngocqb/VCS-SERVER/back-end/internal/handler/auth/service.go:23.68,27.2 1 0
github.com/mxngocqb/VCS-SERVER/back-end/internal/handler/auth/service.go:40.80,43.16 2 0
github.com/mxngocqb/VCS-SERVER/back-end/internal/handler/auth/service.go:43.16,45.3 1 0
github.com/mxngocqb/VCS-SERVER/back-end/internal/handler/auth/service.go:48.2,49.16 2 0
github.com/mxngocqb/VCS-SERVER/back-end/internal/handler/auth/service.go:49.16,51.3 1 0
github.com/mxngocqb/VCS-SERVER/back-end/internal/handler/auth/service.go:54.2,54.18 1 0
github.com/mxngocqb/VCS-SERVER/back-end/internal/handler/auth/transport/http.go:21.52,25.2 2 0
github.com/mxngocqb/VCS-SERVER/back-end/internal/handler/auth/transport/http.go:38.43,40.34 2 1
github.com/mxngocqb/VCS-SERVER/back-end/internal/handler/auth/transport/http.go:40.34,42.3 1 0
github.com/mxngocqb/VCS-SERVER/back-end/internal/handler/auth/transport/http.go:44.2,45.16 2 1
github.com/mxngocqb/VCS-SERVER/back-end/internal/handler/auth/transport/http.go:45.16,47.3 1 1
github.com/mxngocqb/VCS-SERVER/back-end/internal/handler/auth/transport/http.go:49.2,50.16 2 1
github.com/mxngocqb/VCS-SERVER/back-end/internal/handler/auth/transport/http.go:50.16,52.3 1 0
github.com/mxngocqb/VCS-SERVER/back-end/internal/handler/auth/transport/http.go:54.2,54.56 1 1
github.com/mxngocqb/VCS-SERVER/back-end/internal/mock/auth.go:14.98,16.24 2 1
github.com/mxngocqb/VCS-SERVER/back-end/internal/mock/auth.go:16.24,18.3 1 1
github.com/mxngocqb/VCS-SERVER/back-end/internal/mock/auth.go:19.2,19.49 1 1
github.com/mxngocqb/VCS-SERVER/back-end/internal/mock/server.go:15.137,18.2 2 0
github.com/mxngocqb/VCS-SERVER/back-end/internal/mock/server.go:20.107,23.2 2 0
github.com/mxngocqb/VCS-SERVER/back-end/internal/mock/server.go:25.118,28.2 2 0
github.com/mxngocqb/VCS-SERVER/back-end/internal/mock/server.go:30.79,33.2 2 0
github.com/mxngocqb/VCS-SERVER/back-end/internal/mock/server.go:35.134,38.2 2 0
github.com/mxngocqb/VCS-SERVER/back-end/internal/mock/server.go:40.135,43.2 2 0
github.com/mxngocqb/VCS-SERVER/back-end/internal/mock/server.go:45.124,48.2 2 0
github.com/mxngocqb/VCS-SERVER/back-end/internal/mock/server.go:50.102,53.2 2 0
github.com/mxngocqb/VCS-SERVER/back-end/internal/mock/user.go:13.92,16.27 3 0
github.com/mxngocqb/VCS-SERVER/back-end/internal/mock/user.go:16.27,18.6 1 0
github.com/mxngocqb/VCS-SERVER/back-end/internal/mock/user.go:19.5,19.31 1 0
github.com/mxngocqb/VCS-SERVER/back-end/internal/mock/user.go:22.98,25.24 3 0
github.com/mxngocqb/VCS-SERVER/back-end/internal/mock/user.go:25.24,27.3 1 0
github.com/mxngocqb/VCS-SERVER/back-end/internal/mock/user.go:28.2,28.28 1 0
github.com/mxngocqb/VCS-SERVER/back-end/internal/mock/user.go:31.109,34.2 2 0
github.com/mxngocqb/VCS-SERVER/back-end/internal/mock/user.go:36.79,39.2 2 0
github.com/mxngocqb/VCS-SERVER/back-end/internal/repository/repository.go:24.62,25.17 1 0
github.com/mxngocqb/VCS-SERVER/back-end/internal/repository/repository.go:25.17,36.17 4 0
github.com/mxngocqb/VCS-SERVER/back-end/internal/repository/repository.go:36.17,38.4 1 0
github.com/mxngocqb/VCS-SERVER/back-end/internal/repository/repository.go:43.27,44.18 1 0
github.com/mxngocqb/VCS-SERVER/back-end/internal/repository/repository.go:44.18,46.6 1 0
github.com/mxngocqb/VCS-SERVER/back-end/internal/repository/repository.go:47.5,47.24 1 0
github.com/mxngocqb/VCS-SERVER/back-end/internal/repository/server_impl.go:17.60,19.2 1 0
github.com/mxngocqb/VCS-SERVER/back-end/internal/repository/server_impl.go:22.131,27.18 3 0
github.com/mxngocqb/VCS-SERVER/back-end/internal/repository/server_impl.go:27.18,29.3 1 0
github.com/mxngocqb/VCS-SERVER/back-end/internal/repository/server_impl.go:32.2,32.56 1 0
github.com/mxngocqb/VCS-SERVER/back-end/internal/repository/server_impl.go:32.56,33.21 1 0
github.com/mxngocqb/VCS-SERVER/back-end/internal/repository/server_impl.go:33.21,35.4 1 0
github.com/mxngocqb/VCS-SERVER/back-end/internal/repository/server_impl.go:35.9,37.4 1 0
github.com/mxngocqb/VCS-SERVER/back-end/internal/repository/server_impl.go:38.8,40.3 1 0
github.com/mxngocqb/VCS-SERVER/back-end/internal/repository/server_impl.go:43.2,46.51 2 0
github.com/mxngocqb/VCS-SERVER/back-end/internal/repository/server_impl.go:46.51,48.3 1 0
github.com/mxngocqb/VCS-SERVER/back-end/internal/repository/server_impl.go:51.2,51.35 1 0
github.com/mxngocqb/VCS-SERVER/back-end/internal/repository/server_impl.go:55.170,58.52 2 0
github.com/mxngocqb/VCS-SERVER/back-end/internal/repository/server_impl.go:58.52,60.3 1 0
github.com/mxngocqb/VCS-SERVER/back-end/internal/repository/server_impl.go:61.2,61.52 1 0
github.com/mxngocqb/VCS-SERVER/back-end/internal/repository/server_impl.go:61.52,63.3 1 0
github.com/mxngocqb/VCS-SERVER/back-end/internal/repository/server_impl.go:66.2,66.56 1 0
github.com/mxngocqb/VCS-SERVER/back-end/internal/repository/server_impl.go:66.56,67.21 1 0
github.com/mxngocqb/VCS-SERVER/back-end/internal/repository/server_impl.go:67.21,69.4 1 0
github.com/mxngocqb/VCS-SERVER/back-end/internal/repository/server_impl.go:69.9,71.4 1 0
github.com/mxngocqb/VCS-SERVER/back-end/internal/repository/server_impl.go:72.8,74.3 1 0
github.com/mxngocqb/VCS-SERVER/back-end/internal/repository/server_impl.go:76.2,78.16 3 0
github.com/mxngocqb/VCS-SERVER/back-end/internal/repository/server_impl.go:78.16,80.3 1 0
github.com/mxngocqb/VCS-SERVER/back-end/internal/repository/server_impl.go:81.2,81.21 1 0
github.com/mxngocqb/VCS-SERVER/back-end/internal/repository/server_impl.go:85.63,87.2 1 0
github.com/mxngocqb/VCS-SERVER/back-end/internal/repository/server_impl.go:90.74,92.2 1 0
github.com/mxngocqb/VCS-SERVER/back-end/internal/repository/server_impl.go:95.74,98.2 1 0
github.com/mxngocqb/VCS-SERVER/back-end/internal/repository/server_impl.go:101.57,103.2 1 0
github.com/mxngocqb/VCS-SERVER/back-end/internal/repository/server_impl.go:106.81,110.2 3 0
github.com/mxngocqb/VCS-SERVER/back-end/internal/repository/user_impl.go:15.56,17.2 1 0
github.com/mxngocqb/VCS-SERVER/back-end/internal/repository/user_impl.go:20.59,22.2 1 0
github.com/mxngocqb/VCS-SERVER/back-end/internal/repository/user_impl.go:25.59,27.2 1 0
github.com/mxngocqb/VCS-SERVER/back-end/internal/repository/user_impl.go:30.59,32.2 1 0
github.com/mxngocqb/VCS-SERVER/back-end/internal/repository/user_impl.go:35.78,39.2 3 0
github.com/mxngocqb/VCS-SERVER/back-end/internal/repository/user_impl.go:42.75,48.25 4 0
github.com/mxngocqb/VCS-SERVER/back-end/internal/repository/user_impl.go:48.25,50.3 1 0
github.com/mxngocqb/VCS-SERVER/back-end/internal/repository/user_impl.go:53.2,53.34 1 0
github.com/mxngocqb/VCS-SERVER/back-end/internal/repository/user_impl.go:53.34,55.3 1 0
github.com/mxngocqb/VCS-SERVER/back-end/internal/repository/user_impl.go:57.2,57.21 1 0
github.com/mxngocqb/VCS-SERVER/back-end/internal/repository/user_impl.go:61.87,64.25 3 0
github.com/mxngocqb/VCS-SERVER/back-end/internal/repository/user_impl.go:64.25,66.3 1 0
github.com/mxngocqb/VCS-SERVER/back-end/internal/repository/user_impl.go:67.2,67.19 1 0
github.com/mxngocqb/VCS-SERVER/back-end/internal/repository/user_impl.go:71.75,74.25 3 0
github.com/mxngocqb/VCS-SERVER/back-end/internal/repository/user_impl.go:74.25,76.3 1 0
github.com/mxngocqb/VCS-SERVER/back-end/internal/repository/user_impl.go:77.2,77.19 1 0
github.com/mxngocqb/VCS-SERVER/back-end/pkg/config/config.go:18.41,20.16 2 0
github.com/mxngocqb/VCS-SERVER/back-end/pkg/config/config.go:20.16,22.3 1 0
github.com/mxngocqb/VCS-SERVER/back-end/pkg/config/config.go:23.2,24.51 2 0
github.com/mxngocqb/VCS-SERVER/back-end/pkg/config/config.go:24.51,26.3 1 0
github.com/mxngocqb/VCS-SERVER/back-end/pkg/config/config.go:27.2,27.17 1 0
github.com/mxngocqb/VCS-SERVER/back-end/pkg/service/elastic/elastic.go:10.81,16.16 3 0
github.com/mxngocqb/VCS-SERVER/back-end/pkg/service/elastic/elastic.go:16.16,19.3 2 0
github.com/mxngocqb/VCS-SERVER/back-end/pkg/service/elastic/elastic.go:19.8,21.3 1 0
github.com/mxngocqb/VCS-SERVER/back-end/pkg/service/elastic/elastic.go:30.2,30.16 1 0
github.com/mxngocqb/VCS-SERVER/back-end/pkg/service/elastic/server_log.go:34.75,36.2 1 0
github.com/mxngocqb/VCS-SERVER/back-end/pkg/service/elastic/server_log.go:39.70,41.16 2 0
github.com/mxngocqb/VCS-SERVER/back-end/pkg/service/elastic/server_log.go:41.16,43.3 1 0
github.com/mxngocqb/VCS-SERVER/back-end/pkg/service/elastic/server_log.go:45.2,53.16 3 0
github.com/mxngocqb/VCS-SERVER/back-end/pkg/service/elastic/server_log.go:53.16,55.3 1 0
github.com/mxngocqb/VCS-SERVER/back-end/pkg/service/elastic/server_log.go:56.2,58.19 2 0
github.com/mxngocqb/VCS-SERVER/back-end/pkg/service/elastic/server_log.go:58.19,60.3 1 0
github.com/mxngocqb/VCS-SERVER/back-end/pkg/service/elastic/server_log.go:62.2,62.12 1 0
github.com/mxngocqb/VCS-SERVER/back-end/pkg/service/elastic/server_log.go:66.70,73.16 3 0
github.com/mxngocqb/VCS-SERVER/back-end/pkg/service/elastic/server_log.go:73.16,75.3 1 0
github.com/mxngocqb/VCS-SERVER/back-end/pkg/service/elastic/server_log.go:76.2,78.19 2 0
github.com/mxngocqb/VCS-SERVER/back-end/pkg/service/elastic/server_log.go:78.19,80.3 1 0
github.com/mxngocqb/VCS-SERVER/back-end/pkg/service/elastic/server_log.go:82.2,82.12 1 0
github.com/mxngocqb/VCS-SERVER/back-end/pkg/service/elastic/server_log.go:86.87,88.19 2 0
github.com/mxngocqb/VCS-SERVER/back-end/pkg/service/elastic/server_log.go:88.19,95.3 1 0
github.com/mxngocqb/VCS-SERVER/back-end/pkg/service/elastic/server_log.go:95.8,102.3 1 0
github.com/mxngocqb/VCS-SERVER/back-end/pkg/service/elastic/server_log.go:103.2,104.16 2 0
github.com/mxngocqb/VCS-SERVER/back-end/pkg/service/elastic/server_log.go:104.16,106.3 1 0
github.com/mxngocqb/VCS-SERVER/back-end/pkg/service/elastic/server_log.go:108.2,115.16 3 0
github.com/mxngocqb/VCS-SERVER/back-end/pkg/service/elastic/server_log.go:115.16,117.3 1 0
github.com/mxngocqb/VCS-SERVER/back-end/pkg/service/elastic/server_log.go:118.2,120.19 2 0
github.com/mxngocqb/VCS-SERVER/back-end/pkg/service/elastic/server_log.go:120.19,122.3 1 0
github.com/mxngocqb/VCS-SERVER/back-end/pkg/service/elastic/server_log.go:124.2,124.12 1 0
github.com/mxngocqb/VCS-SERVER/back-end/pkg/service/elastic/server_log.go:128.109,164.16 8 0
github.com/mxngocqb/VCS-SERVER/back-end/pkg/service/elastic/server_log.go:164.16,166.3 1 0
github.com/mxngocqb/VCS-SERVER/back-end/pkg/service/elastic/server_log.go:167.2,169.19 2 0
github.com/mxngocqb/VCS-SERVER/back-end/pkg/service/elastic/server_log.go:169.19,171.3 1 0
github.com/mxngocqb/VCS-SERVER/back-end/pkg/service/elastic/server_log.go:175.2,183.61 2 0
github.com/mxngocqb/VCS-SERVER/back-end/pkg/service/elastic/server_log.go:183.61,185.3 1 0
github.com/mxngocqb/VCS-SERVER/back-end/pkg/service/elastic/server_log.go:187.2,189.26 2 0
github.com/mxngocqb/VCS-SERVER/back-end/pkg/service/elastic/server_log.go:193.137,224.16 9 0
github.com/mxngocqb/VCS-SERVER/back-end/pkg/service/elastic/server_log.go:224.16,226.3 1 0
github.com/mxngocqb/VCS-SERVER/back-end/pkg/service/elastic/server_log.go:227.2,229.19 2 0
github.com/mxngocqb/VCS-SERVER/back-end/pkg/service/elastic/server_log.go:229.19,231.3 1 0
github.com/mxngocqb/VCS-SERVER/back-end/pkg/service/elastic/server_log.go:234.2,245.61 2 0
github.com/mxngocqb/VCS-SERVER/back-end/pkg/service/elastic/server_log.go:245.61,247.3 1 0
github.com/mxngocqb/VCS-SERVER/back-end/pkg/service/elastic/server_log.go:250.2,252.34 2 0
github.com/mxngocqb/VCS-SERVER/back-end/pkg/service/elastic/server_log.go:252.34,253.24 1 0
github.com/mxngocqb/VCS-SERVER/back-end/pkg/service/elastic/server_log.go:253.24,255.25 1 0
github.com/mxngocqb/VCS-SERVER/back-end/pkg/service/elastic/server_log.go:255.25,257.5 1 0
github.com/mxngocqb/VCS-SERVER/back-end/pkg/service/elastic/server_log.go:258.4,258.38 1 0
github.com/mxngocqb/VCS-SERVER/back-end/pkg/service/elastic/server_log.go:259.9,259.31 1 0
github.com/mxngocqb/VCS-SERVER/back-end/pkg/service/elastic/server_log.go:259.31,263.4 2 0
github.com/mxngocqb/VCS-SERVER/back-end/pkg/service/elastic/server_log.go:267.2,267.47 1 0
github.com/mxngocqb/VCS-SERVER/back-end/pkg/service/elastic/server_log.go:267.47,269.3 1 0
github.com/mxngocqb/VCS-SERVER/back-end/pkg/service/elastic/server_log.go:269.8,269.53 1 0
github.com/mxngocqb/VCS-SERVER/back-end/pkg/service/elastic/server_log.go:269.53,271.3 1 0
github.com/mxngocqb/VCS-SERVER/back-end/pkg/service/elastic/server_log.go:273.2,273.25 1 0
github.com/mxngocqb/VCS-SERVER/back-end/pkg/service/elastic/server_log.go:277.60,280.16 2 0
github.com/mxngocqb/VCS-SERVER/back-end/pkg/service/elastic/server_log.go:280.16,282.3 1 0
github.com/mxngocqb/VCS-SERVER/back-end/pkg/service/elastic/server_log.go:283.2,286.27 2 0
github.com/mxngocqb/VCS-SERVER/back-end/pkg/service/elastic/server_log.go:286.27,299.17 2 0
github.com/mxngocqb/VCS-SERVER/back-end/pkg/service/elastic/server_log.go:299.17,301.4 1 0
github.com/mxngocqb/VCS-SERVER/back-end/pkg/service/elastic/server_log.go:302.3,304.26 2 0
github.com/mxngocqb/VCS-SERVER/back-end/pkg/service/elastic/server_log.go:304.26,306.4 1 0
github.com/mxngocqb/VCS-SERVER/back-end/pkg/service/elastic/server_log.go:309.2,309.12 1 0
github.com/mxngocqb/VCS-SERVER/back-end/pkg/service/elastic/server_log.go:313.71,330.16 4 0
github.com/mxngocqb/VCS-SERVER/back-end/pkg/service/elastic/server_log.go:330.16,332.3 1 0
github.com/mxngocqb/VCS-SERVER/back-end/pkg/service/elastic/server_log.go:333.2,335.19 2 0
github.com/mxngocqb/VCS-SERVER/back-end/pkg/service/elastic/server_log.go:335.19,337.3 1 0
github.com/mxngocqb/VCS-SERVER/back-end/pkg/service/elastic/server_log.go:339.2,339.12 1 0
github.com/mxngocqb/VCS-SERVER/back-end/pkg/service/elastic/server_log.go:343.102,388.16 6 0
github.com/mxngocqb/VCS-SERVER/back-end/pkg/service/elastic/server_log.go:388.16,390.3 1 0
github.com/mxngocqb/VCS-SERVER/back-end/pkg/service/elastic/server_log.go:392.2,409.77 3 0
github.com/mxngocqb/VCS-SERVER/back-end/pkg/service/elastic/server_log.go:409.77,411.3 1 0
github.com/mxngocqb/VCS-SERVER/back-end/pkg/service/elastic/server_log.go:413.2,421.78 5 0
github.com/mxngocqb/VCS-SERVER/back-end/pkg/service/elastic/server_log.go:421.78,445.17 4 0
github.com/mxngocqb/VCS-SERVER/back-end/pkg/service/elastic/server_log.go:445.17,447.12 2 0
github.com/mxngocqb/VCS-SERVER/back-end/pkg/service/elastic/server_log.go:449.3,461.85 3 0
github.com/mxngocqb/VCS-SERVER/back-end/pkg/service/elastic/server_log.go:461.85,463.12 2 0
github.com/mxngocqb/VCS-SERVER/back-end/pkg/service/elastic/server_log.go:466.3,468.17 3 0
github.com/mxngocqb/VCS-SERVER/back-end/pkg/service/elastic/server_log.go:468.17,470.4 1 0
github.com/mxngocqb/VCS-SERVER/back-end/pkg/service/elastic/server_log.go:474.2,474.23 1 0
github.com/mxngocqb/VCS-SERVER/back-end/pkg/service/elastic/server_log.go:474.23,476.3 1 0
github.com/mxngocqb/VCS-SERVER/back-end/pkg/service/elastic/server_log.go:478.2,478.24 1 0
github.com/mxngocqb/VCS-SERVER/back-end/pkg/service/elastic/server_log.go:478.24,480.3 1 0
github.com/mxngocqb/VCS-SERVER/back-end/pkg/service/elastic/server_log.go:483.2,485.68 2 0
github.com/mxngocqb/VCS-SERVER/back-end/pkg/config/config.go:18.41,20.16 2 0
github.com/mxngocqb/VCS-SERVER/back-end/pkg/config/config.go:20.16,22.3 1 0
github.com/mxngocqb/VCS-SERVER/back-end/pkg/config/config.go:23.2,24.51 2 0
github.com/mxngocqb/VCS-SERVER/back-end/pkg/config/config.go:24.51,26.3 1 0
github.com/mxngocqb/VCS-SERVER/back-end/pkg/config/config.go:27.2,27.17 1 0
github.com/mxngocqb/VCS-SERVER/back-end/internal/handler/user/service.go:24.94,29.2 1 0
github.com/mxngocqb/VCS-SERVER/back-end/internal/handler/user/service.go:32.74,34.2 1 0
github.com/mxngocqb/VCS-SERVER/back-end/internal/handler/user/service.go:37.78,39.62 2 0
github.com/mxngocqb/VCS-SERVER/back-end/internal/handler/user/service.go:39.62,41.3 1 0
github.com/mxngocqb/VCS-SERVER/back-end/internal/handler/user/service.go:44.2,45.16 2 0
github.com/mxngocqb/VCS-SERVER/back-end/internal/handler/user/service.go:45.16,47.3 1 0
github.com/mxngocqb/VCS-SERVER/back-end/internal/handler/user/service.go:48.2,52.16 3 0
github.com/mxngocqb/VCS-SERVER/back-end/internal/handler/user/service.go:52.16,54.3 1 0
github.com/mxngocqb/VCS-SERVER/back-end/internal/handler/user/service.go:55.2,58.47 2 0
github.com/mxngocqb/VCS-SERVER/back-end/internal/handler/user/service.go:58.47,60.3 1 0
github.com/mxngocqb/VCS-SERVER/back-end/internal/handler/user/service.go:62.2,62.15 1 0
github.com/mxngocqb/VCS-SERVER/back-end/internal/handler/user/service.go:66.89,68.62 2 0
github.com/mxngocqb/VCS-SERVER/back-end/internal/handler/user/service.go:68.62,70.3 1 0
github.com/mxngocqb/VCS-SERVER/back-end/internal/handler/user/service.go:73.2,74.16 2 0
github.com/mxngocqb/VCS-SERVER/back-end/internal/handler/user/service.go:74.16,76.3 1 0
github.com/mxngocqb/VCS-SERVER/back-end/internal/handler/user/service.go:79.2,79.25 1 0
github.com/mxngocqb/VCS-SERVER/back-end/internal/handler/user/service.go:79.25,81.3 1 0
github.com/mxngocqb/VCS-SERVER/back-end/internal/handler/user/service.go:84.2,84.61 1 0
github.com/mxngocqb/VCS-SERVER/back-end/internal/handler/user/service.go:84.61,86.17 2 0
github.com/mxngocqb/VCS-SERVER/back-end/internal/handler/user/service.go:86.17,88.4 1 0
github.com/mxngocqb/VCS-SERVER/back-end/internal/handler/user/service.go:89.3,89.41 1 0
github.com/mxngocqb/VCS-SERVER/back-end/internal/handler/user/service.go:93.2,93.24 1 0
github.com/mxngocqb/VCS-SERVER/back-end/internal/handler/user/service.go:93.24,95.17 2 0
github.com/mxngocqb/VCS-SERVER/back-end/internal/handler/user/service.go:95.17,97.4 1 0
github.com/mxngocqb/VCS-SERVER/back-end/internal/handler/user/service.go:98.3,98.29 1 0
github.com/mxngocqb/VCS-SERVER/back-end/internal/handler/user/service.go:101.2,104.58 2 0
github.com/mxngocqb/VCS-SERVER/back-end/internal/handler/user/service.go:104.58,106.3 1 0
github.com/mxngocqb/VCS-SERVER/back-end/internal/handler/user/service.go:108.2,108.26 1 0
github.com/mxngocqb/VCS-SERVER/back-end/internal/handler/user/service.go:112.59,114.62 2 0
github.com/mxngocqb/VCS-SERVER/back-end/internal/handler/user/service.go:114.62,116.3 1 0
github.com/mxngocqb/VCS-SERVER/back-end/internal/handler/user/service.go:119.2,120.16 2 0
github.com/mxngocqb/VCS-SERVER/back-end/internal/handler/user/service.go:120.16,122.3 1 0
github.com/mxngocqb/VCS-SERVER/back-end/internal/handler/user/service.go:125.2,125.25 1 0
github.com/mxngocqb/VCS-SERVER/back-end/internal/handler/user/service.go:125.25,127.3 1 0
github.com/mxngocqb/VCS-SERVER/back-end/internal/handler/user/service.go:130.2,130.58 1 0
github.com/mxngocqb/VCS-SERVER/back-end/internal/handler/user/service.go:130.58,132.3 1 0
github.com/mxngocqb/VCS-SERVER/back-end/internal/handler/user/service.go:134.2,134.42 1 0
github.com/mxngocqb/VCS-SERVER/back-end/internal/repository/repository.go:24.62,25.17 1 0
github.com/mxngocqb/VCS-SERVER/back-end/internal/repository/repository.go:25.17,36.17 4 0
github.com/mxngocqb/VCS-SERVER/back-end/internal/repository/repository.go:36.17,38.4 1 0
github.com/mxngocqb/VCS-SERVER/back-end/internal/repository/repository.go:43.27,44.18 1 0
github.com/mxngocqb/VCS-SERVER/back-end/internal/repository/repository.go:44.18,46.6 1 0
github.com/mxngocqb/VCS-SERVER/back-end/internal/repository/repository.go:47.5,47.24 1 0
github.com/mxngocqb/VCS-SERVER/back-end/internal/repository/server_impl.go:17.60,19.2 1 0
github.com/mxngocqb/VCS-SERVER/back-end/internal/repository/server_impl.go:22.131,27.18 3 0
github.com/mxngocqb/VCS-SERVER/back-end/internal/repository/server_impl.go:27.18,29.3 1 0
github.com/mxngocqb/VCS-SERVER/back-end/internal/repository/server_impl.go:32.2,32.56 1 0
github.com/mxngocqb/VCS-SERVER/back-end/internal/repository/server_impl.go:32.56,33.21 1 0
github.com/mxngocqb/VCS-SERVER/back-end/internal/repository/server_impl.go:33.21,35.4 1 0
github.com/mxngocqb/VCS-SERVER/back-end/internal/repository/server_impl.go:35.9,37.4 1 0
github.com/mxngocqb/VCS-SERVER/back-end/internal/repository/server_impl.go:38.8,40.3 1 0
github.com/mxngocqb/VCS-SERVER/back-end/internal/repository/server_impl.go:43.2,46.51 2 0
github.com/mxngocqb/VCS-SERVER/back-end/internal/repository/server_impl.go:46.51,48.3 1 0
github.com/mxngocqb/VCS-SERVER/back-end/internal/repository/server_impl.go:51.2,51.35 1 0
github.com/mxngocqb/VCS-SERVER/back-end/internal/repository/server_impl.go:55.170,58.52 2 0
github.com/mxngocqb/VCS-SERVER/back-end/internal/repository/server_impl.go:58.52,60.3 1 0
github.com/mxngocqb/VCS-SERVER/back-end/internal/repository/server_impl.go:61.2,61.52 1 0
github.com/mxngocqb/VCS-SERVER/back-end/internal/repository/server_impl.go:61.52,63.3 1 0
github.com/mxngocqb/VCS-SERVER/back-end/internal/repository/server_impl.go:66.2,66.56 1 0
github.com/mxngocqb/VCS-SERVER/back-end/internal/repository/server_impl.go:66.56,67.21 1 0
github.com/mxngocqb/VCS-SERVER/back-end/internal/repository/server_impl.go:67.21,69.4 1 0
github.com/mxngocqb/VCS-SERVER/back-end/internal/repository/server_impl.go:69.9,71.4 1 0
github.com/mxngocqb/VCS-SERVER/back-end/internal/repository/server_impl.go:72.8,74.3 1 0
github.com/mxngocqb/VCS-SERVER/back-end/internal/repository/server_impl.go:76.2,78.16 3 0
github.com/mxngocqb/VCS-SERVER/back-end/internal/repository/server_impl.go:78.16,80.3 1 0
github.com/mxngocqb/VCS-SERVER/back-end/internal/repository/server_impl.go:81.2,81.21 1 0
github.com/mxngocqb/VCS-SERVER/back-end/internal/repository/server_impl.go:85.63,87.2 1 0
github.com/mxngocqb/VCS-SERVER/back-end/internal/repository/server_impl.go:90.74,92.2 1 0
github.com/mxngocqb/VCS-SERVER/back-end/internal/repository/server_impl.go:95.74,98.2 1 0
github.com/mxngocqb/VCS-SERVER/back-end/internal/repository/server_impl.go:101.57,103.2 1 0
github.com/mxngocqb/VCS-SERVER/back-end/internal/repository/server_impl.go:106.81,110.2 3 0
github.com/mxngocqb/VCS-SERVER/back-end/internal/repository/user_impl.go:15.56,17.2 1 0
github.com/mxngocqb/VCS-SERVER/back-end/internal/repository/user_impl.go:20.59,22.2 1 0
github.com/mxngocqb/VCS-SERVER/back-end/internal/repository/user_impl.go:25.59,27.2 1 0
github.com/mxngocqb/VCS-SERVER/back-end/internal/repository/user_impl.go:30.59,32.2 1 0
github.com/mxngocqb/VCS-SERVER/back-end/internal/repository/user_impl.go:35.78,39.2 3 0
github.com/mxngocqb/VCS-SERVER/back-end/internal/repository/user_impl.go:42.75,48.25 4 0
github.com/mxngocqb/VCS-SERVER/back-end/internal/repository/user_impl.go:48.25,50.3 1 0
github.com/mxngocqb/VCS-SERVER/back-end/internal/repository/user_impl.go:53.2,53.34 1 0
github.com/mxngocqb/VCS-SERVER/back-end/internal/repository/user_impl.go:53.34,55.3 1 0
github.com/mxngocqb/VCS-SERVER/back-end/internal/repository/user_impl.go:57.2,57.21 1 0
github.com/mxngocqb/VCS-SERVER/back-end/internal/repository/user_impl.go:61.87,64.25 3 0
github.com/mxngocqb/VCS-SERVER/back-end/internal/repository/user_impl.go:64.25,66.3 1 0
github.com/mxngocqb/VCS-SERVER/back-end/internal/repository/user_impl.go:67.2,67.19 1 0
github.com/mxngocqb/VCS-SERVER/back-end/internal/repository/user_impl.go:71.75,74.25 3 0
github.com/mxngocqb/VCS-SERVER/back-end/internal/repository/user_impl.go:74.25,76.3 1 0
github.com/mxngocqb/VCS-SERVER/back-end/internal/repository/user_impl.go:77.2,77.19 1 0
github.com/mxngocqb/VCS-SERVER/back-end/internal/middleware/jwt.go:11.37,15.50 1 0
github.com/mxngocqb/VCS-SERVER/back-end/internal/middleware/jwt.go:15.50,17.4 1 0
github.com/mxngocqb/VCS-SERVER/back-end/internal/middleware/jwt.go:20.2,20.15 1 0
github.com/mxngocqb/VCS-SERVER/back-end/internal/middleware/rbac.go:10.43,11.54 1 0
github.com/mxngocqb/VCS-SERVER/back-end/internal/middleware/rbac.go:11.54,12.37 1 0
github.com/mxngocqb/VCS-SERVER/back-end/internal/middleware/rbac.go:12.37,20.4 5 0
github.com/mxngocqb/VCS-SERVER/back-end/pkg/service/server_status/postgres.go:23.57,25.2 1 0
github.com/mxngocqb/VCS-SERVER/back-end/pkg/service/server_status/postgres.go:27.71,38.16 3 0
github.com/mxngocqb/VCS-SERVER/back-end/pkg/service/server_status/postgres.go:38.16,40.3 1 0
github.com/mxngocqb/VCS-SERVER/back-end/pkg/service/server_status/postgres.go:42.2,42.21 1 0
github.com/mxngocqb/VCS-SERVER/back-end/pkg/service/server_status/postgres.go:46.66,48.2 1 0
github.com/mxngocqb/VCS-SERVER/back-end/pkg/service/server_status/postgres.go:52.77,56.2 3 0
github.com/mxngocqb/VCS-SERVER/back-end/pkg/service/server_status/postgres.go:59.70,64.51 3 0
github.com/mxngocqb/VCS-SERVER/back-end/pkg/service/server_status/postgres.go:64.51,66.3 1 0
github.com/mxngocqb/VCS-SERVER/back-end/pkg/service/server_status/postgres.go:68.2,68.21 1 0
github.com/mxngocqb/VCS-SERVER/back-end/pkg/service/server_status/service.go:13.94,18.2 1 0
github.com/mxngocqb/VCS-SERVER/back-end/pkg/service/server_status/service.go:21.56,23.16 2 0
github.com/mxngocqb/VCS-SERVER/back-end/pkg/service/server_status/service.go:23.16,25.3 1 0
github.com/mxngocqb/VCS-SERVER/back-end/pkg/service/server_status/service.go:28.2,29.16 2 0
github.com/mxngocqb/VCS-SERVER/back-end/pkg/service/server_status/service.go:29.16,31.3 1 0
github.com/mxngocqb/VCS-SERVER/back-end/pkg/service/server_status/service.go:33.2,34.16 2 0
github.com/mxngocqb/VCS-SERVER/back-end/pkg/service/server_status/service.go:34.16,36.3 1 0
github.com/mxngocqb/VCS-SERVER/back-end/pkg/service/server_status/service.go:38.2,38.12 1 0
github.com/mxngocqb/VCS-SERVER/back-end/pkg/service/server_status/service.go:41.61,43.16 2 0
github.com/mxngocqb/VCS-SERVER/back-end/pkg/service/server_status/service.go:43.16,45.3 1 0
github.com/mxngocqb/VCS-SERVER/back-end/pkg/service/server_status/service.go:46.2,46.22 1 0
github.com/mxngocqb/VCS-SERVER/back-end/internal/mock/auth.go:14.98,16.24 2 0
github.com/mxngocqb/VCS-SERVER/back-end/internal/mock/auth.go:16.24,18.3 1 0
github.com/mxngocqb/VCS-SERVER/back-end/internal/mock/auth.go:19.2,19.49 1 0
github.com/mxngocqb/VCS-SERVER/back-end/internal/mock/server.go:15.137,18.2 2 0
github.com/mxngocqb/VCS-SERVER/back-end/internal/mock/server.go:20.107,23.2 2 0
github.com/mxngocqb/VCS-SERVER/back-end/internal/mock/server.go:25.118,28.2 2 0
github.com/mxngocqb/VCS-SERVER/back-end/internal/mock/server.go:30.79,33.2 2 0
github.com/mxngocqb/VCS-SERVER/back-end/internal/mock/server.go:35.134,38.2 2 0
github.com/mxngocqb/VCS-SERVER/back-end/internal/mock/server.go:40.135,43.2 2 0
github.com/mxngocqb/VCS-SERVER/back-end/internal/mock/server.go:45.124,48.2 2 0
github.com/mxngocqb/VCS-SERVER/back-end/internal/mock/server.go:50.102,53.2 2 0
github.com/mxngocqb/VCS-SERVER/back-end/internal/mock/user.go:13.92,16.27 3 0
github.com/mxngocqb/VCS-SERVER/back-end/internal/mock/user.go:16.27,18.6 1 0
github.com/mxngocqb/VCS-SERVER/back-end/internal/mock/user.go:19.5,19.31 1 0
github.com/mxngocqb/VCS-SERVER/back-end/internal/mock/user.go:22.98,25.24 3 0
github.com/mxngocqb/VCS-SERVER/back-end/internal/mock/user.go:25.24,27.3 1 0
github.com/mxngocqb/VCS-SERVER/back-end/internal/mock/user.go:28.2,28.28 1 0
github.com/mxngocqb/VCS-SERVER/back-end/internal/mock/user.go:31.109,34.2 2 0
github.com/mxngocqb/VCS-SERVER/back-end/internal/mock/user.go:36.79,39.2 2 0
github.com/mxngocqb/VCS-SERVER/back-end/pkg/service/report/proto/report.pb.go:33.37,35.29 2 0
github.com/mxngocqb/VCS-SERVER/back-end/pkg/service/report/proto/report.pb.go:35.29,39.3 3 0
github.com/mxngocqb/VCS-SERVER/back-end/pkg/service/report/proto/report.pb.go:42.45,44.2 1 0
github.com/mxngocqb/VCS-SERVER/back-end/pkg/service/report/proto/report.pb.go:46.43,46.44 0 0
github.com/mxngocqb/VCS-SERVER/back-end/pkg/service/report/proto/report.pb.go:48.65,50.41 2 0
github.com/mxngocqb/VCS-SERVER/back-end/pkg/service/report/proto/report.pb.go:50.41,52.34 2 0
github.com/mxngocqb/VCS-SERVER/back-end/pkg/service/report/proto/report.pb.go:52.34,54.4 1 0
github.com/mxngocqb/VCS-SERVER/back-end/pkg/service/report/proto/report.pb.go:55.3,55.12 1 0
github.com/mxngocqb/VCS-SERVER/back-end/pkg/service/report/proto/report.pb.go:57.2,57.24 1 0
github.com/mxngocqb/VCS-SERVER/back-end/pkg/service/report/proto/report.pb.go:61.56,63.2 1 0
github.com/mxngocqb/VCS-SERVER/back-end/pkg/service/report/proto/report.pb.go:65.48,66.14 1 0
github.com/mxngocqb/VCS-SERVER/back-end/pkg/service/report/proto/report.pb.go:66.14,68.3 1 0
github.com/mxngocqb/VCS-SERVER/back-end/pkg/service/report/proto/report.pb.go:69.2,69.12 1 0
github.com/mxngocqb/VCS-SERVER/back-end/pkg/service/report/proto/report.pb.go:72.47,73.14 1 0
github.com/mxngocqb/VCS-SERVER/back-end/pkg/service/report/proto/report.pb.go:73.14,75.3 1 0
github.com/mxngocqb/VCS-SERVER/back-end/pkg/service/report/proto/report.pb.go:76.2,76.11 1 0
github.com/mxngocqb/VCS-SERVER/back-end/pkg/service/report/proto/report.pb.go:79.45,80.14 1 0
github.com/mxngocqb/VCS-SERVER/back-end/pkg/service/report/proto/report.pb.go:80.14,82.3 1 0
github.com/mxngocqb/VCS-SERVER/back-end/pkg/service/report/proto/report.pb.go:83.2,83.11 1 0
github.com/mxngocqb/VCS-SERVER/back-end/pkg/service/report/proto/report.pb.go:94.38,96.29 2 0
github.com/mxngocqb/VCS-SERVER/back-end/pkg/service/report/proto/report.pb.go:96.29,100.3 3 0
github.com/mxngocqb/VCS-SERVER/back-end/pkg/service/report/proto/report.pb.go:103.46,105.2 1 0
github.com/mxngocqb/VCS-SERVER/back-end/pkg/service/report/proto/report.pb.go:107.44,107.45 0 0
github.com/mxngocqb/VCS-SERVER/back-end/pkg/service/report/proto/report.pb.go:109.66,111.41 2 0
github.com/mxngocqb/VCS-SERVER/back-end/pkg/service/report/proto/report.pb.go:111.41,113.34 2 0
github.com/mxngocqb/VCS-SERVER/back-end/pkg/service/report/proto/report.pb.go:113.34,115.4 1 0
github.com/mxngocqb/VCS-SERVER/back-end/pkg/service/report/proto/report.pb.go:116.3,116.12 1 0
github.com/mxngocqb/VCS-SERVER/back-end/pkg/service/report/proto/report.pb.go:118.2,118.24 1 0
github.com/mxngocqb/VCS-SERVER/back-end/pkg/service/report/proto/report.pb.go:122.57,124.2 1 0
github.com/mxngocqb/VCS-SERVER/back-end/pkg/service/report/proto/report.pb.go:126.50,127.14 1 0
github.com/mxngocqb/VCS-SERVER/back-end/pkg/service/report/proto/report.pb.go:127.14,129.3 1 0
github.com/mxngocqb/VCS-SERVER/back-end/pkg/service/report/proto/report.pb.go:130.2,130.11 1 0
github.com/mxngocqb/VCS-SERVER/back-end/pkg/service/report/proto/report.pb.go:163.45,164.42 1 0
github.com/mxngocqb/VCS-SERVER/back-end/pkg/service/report/proto/report.pb.go:164.42,166.3 1 0
github.com/mxngocqb/VCS-SERVER/back-end/pkg/service/report/proto/report.pb.go:167.2,167.38 1 0
github.com/mxngocqb/VCS-SERVER/back-end/pkg/service/report/proto/report.pb.go:185.13,185.41 1 0
github.com/mxngocqb/VCS-SERVER/back-end/pkg/service/report/proto/report.pb.go:186.31,187.30 1 0
github.com/mxngocqb/VCS-SERVER/back-end/pkg/service/report/proto/report.pb.go:187.30,189.3 1 0
github.com/mxngocqb/VCS-SERVER/back-end/pkg/service/report/proto/report.pb.go:190.2,190.30 1 0
github.com/mxngocqb/VCS-SERVER/back-end/pkg/service/report/proto/report.pb.go:190.30,191.83 1 0
github.com/mxngocqb/VCS-SERVER/back-end/pkg/service/report/proto/report.pb.go:191.83,192.42 1 0
github.com/mxngocqb/VCS-SERVER/back-end/pkg/service/report/proto/report.pb.go:193.11,194.20 1 0
github.com/mxngocqb/VCS-SERVER/back-end/pkg/service/report/proto/report.pb.go:195.11,196.24 1 0
github.com/mxngocqb/VCS-SERVER/back-end/pkg/service/report/proto/report.pb.go:197.11,198.28 1 0
github.com/mxngocqb/VCS-SERVER/back-end/pkg/service/report/proto/report.pb.go:199.12,200.15 1 0
github.com/mxngocqb/VCS-SERVER/back-end/pkg/service/report/proto/report.pb.go:203.3,203.83 1 0
github.com/mxngocqb/VCS-SERVER/back-end/pkg/service/report/proto/report.pb.go:203.83,204.43 1 0
github.com/mxngocqb/VCS-SERVER/back-end/pkg/service/report/proto/report.pb.go:205.11,206.20 1 0
github.com/mxngocqb/VCS-SERVER/back-end/pkg/service/report/proto/report.pb.go:207.11,208.24 1 0
github.com/mxngocqb/VCS-SERVER/back-end/pkg/service/report/proto/report.pb.go:209.11,210.28 1 0
github.com/mxngocqb/VCS-SERVER/back-end/pkg/service/report/proto/report.pb.go:211.12,212.15 1 0
github.com/mxngocqb/VCS-SERVER/back-end/pkg/service/report/proto/report.pb.go:216.2,233.33 6 0
github.com/mxngocqb/VCS-SERVER/back-end/pkg/service/report/proto/report_grpc.pb.go:36.78,38.2 1 0
github.com/mxngocqb/VCS-SERVER/back-end/pkg/service/report/proto/report_grpc.pb.go:40.136,43.16 3 0
github.com/mxngocqb/VCS-SERVER/back-end/pkg/service/report/proto/report_grpc.pb.go:43.16,45.3 1 0
github.com/mxngocqb/VCS-SERVER/back-end/pkg/service/report/proto/report_grpc.pb.go:46.2,46.17 1 0
github.com/mxngocqb/VCS-SERVER/back-end/pkg/service/report/proto/report_grpc.pb.go:61.114,63.2 1 0
github.com/mxngocqb/VCS-SERVER/back-end/pkg/service/report/proto/report_grpc.pb.go:64.86,64.87 0 0
github.com/mxngocqb/VCS-SERVER/back-end/pkg/service/report/proto/report_grpc.pb.go:73.84,75.2 1 0
github.com/mxngocqb/VCS-SERVER/back-end/pkg/service/report/proto/report_grpc.pb.go:77.165,79.32 2 0
github.com/mxngocqb/VCS-SERVER/back-end/pkg/service/report/proto/report_grpc.pb.go:79.32,81.3 1 0
github.com/mxngocqb/VCS-SERVER/back-end/pkg/service/report/proto/report_grpc.pb.go:82.2,82.24 1 0
github.com/mxngocqb/VCS-SERVER/back-end/pkg/service/report/proto/report_grpc.pb.go:82.24,84.3 1 0
github.com/mxngocqb/VCS-SERVER/back-end/pkg/service/report/proto/report_grpc.pb.go:85.2,89.77 2 0
github.com/mxngocqb/VCS-SERVER/back-end/pkg/service/report/proto/report_grpc.pb.go:89.77,91.3 1 0
github.com/mxngocqb/VCS-SERVER/back-end/pkg/service/report/proto/report_grpc.pb.go:92.2,92.44 1 0
github.com/mxngocqb/VCS-SERVER/back-end/pkg/service/report/grpc.go:10.104,17.16 5 0
github.com/mxngocqb/VCS-SERVER/back-end/pkg/service/report/grpc.go:17.16,19.3 1 0
github.com/mxngocqb/VCS-SERVER/back-end/pkg/service/report/grpc.go:21.2,22.16 2 0
github.com/mxngocqb/VCS-SERVER/back-end/pkg/service/report/grpc.go:22.16,24.3 1 0
github.com/mxngocqb/VCS-SERVER/back-end/pkg/service/report/grpc.go:27.2,29.16 2 0
github.com/mxngocqb/VCS-SERVER/back-end/pkg/service/report/grpc.go:29.16,32.3 2 0
github.com/mxngocqb/VCS-SERVER/back-end/pkg/service/report/grpc.go:32.8,35.3 2 0
github.com/mxngocqb/VCS-SERVER/back-end/pkg/service/report/log.go:13.78,19.28 1 0
github.com/mxngocqb/VCS-SERVER/back-end/pkg/service/report/log.go:19.28,28.23 6 0
github.com/mxngocqb/VCS-SERVER/back-end/pkg/service/report/log.go:28.23,30.10 1 0
github.com/mxngocqb/VCS-SERVER/back-end/pkg/service/report/log.go:30.15,32.10 1 0
github.com/mxngocqb/VCS-SERVER/back-end/pkg/service/report/log.go:34.9,34.25 1 0
github.com/mxngocqb/VCS-SERVER/back-end/pkg/service/report/report.go:20.38,23.16 2 0
github.com/mxngocqb/VCS-SERVER/back-end/pkg/service/report/report.go:23.16,25.3 1 0
github.com/mxngocqb/VCS-SERVER/back-end/pkg/service/report/report.go:27.2,39.16 7 0
github.com/mxngocqb/VCS-SERVER/back-end/pkg/service/report/report.go:39.16,41.3 1 0
github.com/mxngocqb/VCS-SERVER/back-end/pkg/service/report/report.go:41.8,43.3 1 0
github.com/mxngocqb/VCS-SERVER/back-end/pkg/service/report/report.go:45.2,50.36 3 0
github.com/mxngocqb/VCS-SERVER/back-end/pkg/service/report/report.go:50.36,52.3 1 0
github.com/mxngocqb/VCS-SERVER/back-end/pkg/service/report/report.go:55.2,55.9 1 0
github.com/mxngocqb/VCS-SERVER/back-end/pkg/service/report/service.go:11.71,15.2 1 0
github.com/mxngocqb/VCS-SERVER/back-end/pkg/service/report/util.go:12.58,16.43 3 0
github.com/mxngocqb/VCS-SERVER/back-end/pkg/service/report/util.go:16.43,22.18 5 0
github.com/mxngocqb/VCS-SERVER/back-end/pkg/service/report/util.go:22.18,24.4 1 0
github.com/mxngocqb/VCS-SERVER/back-end/pkg/service/report/util.go:24.9,26.4 1 0
github.com/mxngocqb/VCS-SERVER/back-end/pkg/service/report/util.go:28.2,28.16 1 0
github.com/mxngocqb/VCS-SERVER/back-end/pkg/service/report/util.go:28.16,30.3 1 0
github.com/mxngocqb/VCS-SERVER/back-end/pkg/service/report/util.go:31.2,31.11 1 0
github.com/mxngocqb/VCS-SERVER/back-end/pkg/service/report/util.go:39.93,41.16 2 0
github.com/mxngocqb/VCS-SERVER/back-end/pkg/service/report/util.go:41.16,44.3 2 0
github.com/mxngocqb/VCS-SERVER/back-end/pkg/service/report/util.go:46.2,110.41 8 0
github.com/mxngocqb/VCS-SERVER/back-end/pkg/service/report/util.go:110.41,113.3 2 0
github.com/mxngocqb/VCS-SERVER/back-end/pkg/service/report/util.go:113.8,116.3 2 0
github.com/mxngocqb/VCS-SERVER/back-end/pkg/service/health_check/health_check.go:12.37,15.16 2 0
github.com/mxngocqb/VCS-SERVER/back-end/pkg/service/health_check/health_check.go:15.16,18.3 2 0
github.com/mxngocqb/VCS-SERVER/back-end/pkg/service/health_check/health_check.go:21.2,31.12 7 0
github.com/mxngocqb/VCS-SERVER/back-end/pkg/service/health_check/service.go:15.83,17.16 2 0
github.com/mxngocqb/VCS-SERVER/back-end/pkg/service/health_check/service.go:17.16,19.3 1 0
github.com/mxngocqb/VCS-SERVER/back-end/pkg/service/health_check/service.go:20.2,21.16 2 0
github.com/mxngocqb/VCS-SERVER/back-end/pkg/service/health_check/service.go:21.16,23.3 1 0
github.com/mxngocqb/VCS-SERVER/back-end/pkg/service/health_check/service.go:25.2,27.16 3 0
github.com/mxngocqb/VCS-SERVER/back-end/pkg/service/health_check/service.go:27.16,29.3 1 0
github.com/mxngocqb/VCS-SERVER/back-end/pkg/service/health_check/service.go:30.2,39.44 7 0
github.com/mxngocqb/VCS-SERVER/back-end/pkg/service/health_check/service.go:43.87,46.42 2 0
github.com/mxngocqb/VCS-SERVER/back-end/pkg/service/health_check/service.go:46.42,50.3 3 0
github.com/mxngocqb/VCS-SERVER/back-end/pkg/service/health_check/service.go:52.2,52.16 1 0
github.com/mxngocqb/VCS-SERVER/back-end/pkg/service/health_check/service.go:52.16,54.3 1 0
github.com/mxngocqb/VCS-SERVER/back-end/pkg/service/health_check/service.go:56.2,56.11 1 0
github.com/mxngocqb/VCS-SERVER/back-end/pkg/service/health_check/util.go:15.84,19.35 2 0
github.com/mxngocqb/VCS-SERVER/back-end/pkg/service/health_check/util.go:19.35,20.34 1 0
github.com/mxngocqb/VCS-SERVER/back-end/pkg/service/health_check/util.go:20.34,26.18 5 0
github.com/mxngocqb/VCS-SERVER/back-end/pkg/service/health_check/util.go:26.18,28.5 1 0
github.com/mxngocqb/VCS-SERVER/back-end/pkg/service/health_check/util.go:30.4,30.40 1 0
github.com/mxngocqb/VCS-SERVER/back-end/pkg/service/health_check/util.go:34.2,34.22 1 0
github.com/mxngocqb/VCS-SERVER/back-end/pkg/service/health_check/util.go:34.22,37.26 3 0
github.com/mxngocqb/VCS-SERVER/back-end/pkg/service/health_check/util.go:37.26,39.4 1 0
github.com/mxngocqb/VCS-SERVER/back-end/pkg/service/health_check/util.go:39.9,41.4 1 0
github.com/mxngocqb/VCS-SERVER/back-end/pkg/service/health_check/util.go:45.85,48.16 2 0
github.com/mxngocqb/VCS-SERVER/back-end/pkg/service/health_check/util.go:48.16,50.3 1 0
github.com/mxngocqb/VCS-SERVER/back-end/pkg/service/health_check/util.go:51.2,51.31 1 0
github.com/mxngocqb/VCS-SERVER/back-end/pkg/service/health_check/util.go:51.31,52.30 1 0
github.com/mxngocqb/VCS-SERVER/back-end/pkg/service/health_check/util.go:52.30,58.4 5 0
github.com/mxngocqb/VCS-SERVER/back-end/pkg/service/health_check/util.go:63.45,66.16 3 0
github.com/mxngocqb/VCS-SERVER/back-end/pkg/service/health_check/util.go:66.16,68.3 1 0
github.com/mxngocqb/VCS-SERVER/back-end/pkg/service/health_check/util.go:69.2,69.12 1 0
github.com/mxngocqb/VCS-SERVER/back-end/pkg/service/health_check/util.go:73.72,75.16 2 0
github.com/mxngocqb/VCS-SERVER/back-end/pkg/service/health_check/util.go:75.16,77.3 1 0
github.com/mxngocqb/VCS-SERVER/back-end/pkg/service/health_check/util.go:78.2,82.16 4 0
github.com/mxngocqb/VCS-SERVER/back-end/pkg/service/health_check/util.go:82.16,84.3 1 0
github.com/mxngocqb/VCS-SERVER/back-end/pkg/service/health_check/util.go:85.2,87.42 2 0
github.com/mxngocqb/VCS-SERVER/back-end/pkg/service/health_check/util.go:87.42,89.3 1 0
github.com/mxngocqb/VCS-SERVER/back-end/pkg/service/health_check/util.go:91.2,92.80 2 0
github.com/mxngocqb/VCS-SERVER/back-end/pkg/service/health_check/util.go:92.80,94.3 1 0
github.com/mxngocqb/VCS-SERVER/back-end/pkg/service/health_check/util.go:96.2,96.30 1 0
github.com/mxngocqb/VCS-SERVER/back-end/pkg/service/health_check/util.go:100.77,102.16 2 0
github.com/mxngocqb/VCS-SERVER/back-end/pkg/service/health_check/util.go:102.16,104.3 1 0
github.com/mxngocqb/VCS-SERVER/back-end/pkg/service/health_check/util.go:106.2,108.34 2 0
github.com/mxngocqb/VCS-SERVER/back-end/pkg/service/health_check/util.go:108.34,109.34 1 0
github.com/mxngocqb/VCS-SERVER/back-end/pkg/service/health_check/util.go:109.34,115.18 5 0
github.com/mxngocqb/VCS-SERVER/back-end/pkg/service/health_check/util.go:115.18,117.5 1 0
github.com/mxngocqb/VCS-SERVER/back-end/pkg/service/health_check/util.go:119.4,119.40 1 0
github.com/mxngocqb/VCS-SERVER/back-end/pkg/service/health_check/util.go:123.2,123.21 1 0
github.com/mxngocqb/VCS-SERVER/back-end/pkg/service/health_check/util.go:123.21,126.26 3 0
github.com/mxngocqb/VCS-SERVER/back-end/pkg/service/health_check/util.go:126.26,128.4 1 0
github.com/mxngocqb/VCS-SERVER/back-end/pkg/service/health_check/util.go:128.9,130.4 1 0
github.com/mxngocqb/VCS-SERVER/back-end/internal/handler/rbac.go:16.80,20.2 1 0
github.com/mxngocqb/VCS-SERVER/back-end/internal/handler/rbac.go:22.74,27.16 3 0
github.com/mxngocqb/VCS-SERVER/back-end/internal/handler/rbac.go:27.16,29.3 1 0
github.com/mxngocqb/VCS-SERVER/back-end/internal/handler/rbac.go:32.2,32.29 1 0
github.com/mxngocqb/VCS-SERVER/back-end/internal/handler/rbac.go:32.29,33.19 1 0
github.com/mxngocqb/VCS-SERVER/back-end/internal/handler/rbac.go:33.19,35.4 1 0
github.com/mxngocqb/VCS-SERVER/back-end/internal/handler/rbac.go:38.2,38.71 1 0
github.com/mxngocqb/VCS-SERVER/back-end/internal/handler/user/service.go:24.94,29.2 1 0
github.com/mxngocqb/VCS-SERVER/back-end/internal/handler/user/service.go:32.74,34.2 1 0
github.com/mxngocqb/VCS-SERVER/back-end/internal/handler/user/service.go:37.78,39.62 2 0
github.com/mxngocqb/VCS-SERVER/back-end/internal/handler/user/service.go:39.62,41.3 1 0
github.com/mxngocqb/VCS-SERVER/back-end/internal/handler/user/service.go:44.2,45.16 2 0
github.com/mxngocqb/VCS-SERVER/back-end/internal/handler/user/service.go:45.16,47.3 1 0
github.com/mxngocqb/VCS-SERVER/back-end/internal/handler/user/service.go:48.2,52.16 3 0
github.com/mxngocqb/VCS-SERVER/back-end/internal/handler/user/service.go:52.16,54.3 1 0
github.com/mxngocqb/VCS-SERVER/back-end/internal/handler/user/service.go:55.2,58.47 2 0
github.com/mxngocqb/VCS-SERVER/back-end/internal/handler/user/service.go:58.47,60.3 1 0
github.com/mxngocqb/VCS-SERVER/back-end/internal/handler/user/service.go:62.2,62.15 1 0
github.com/mxngocqb/VCS-SERVER/back-end/internal/handler/user/service.go:66.89,68.62 2 0
github.com/mxngocqb/VCS-SERVER/back-end/internal/handler/user/service.go:68.62,70.3 1 0
github.com/mxngocqb/VCS-SERVER/back-end/internal/handler/user/service.go:73.2,74.16 2 0
github.com/mxngocqb/VCS-SERVER/back-end/internal/handler/user/service.go:74.16,76.3 1 0
github.com/mxngocqb/VCS-SERVER/back-end/internal/handler/user/service.go:79.2,79.25 1 0
github.com/mxngocqb/VCS-SERVER/back-end/internal/handler/user/service.go:79.25,81.3 1 0
github.com/mxngocqb/VCS-SERVER/back-end/internal/handler/user/service.go:84.2,84.61 1 0
github.com/mxngocqb/VCS-SERVER/back-end/internal/handler/user/service.go:84.61,86.17 2 0
github.com/mxngocqb/VCS-SERVER/back-end/internal/handler/user/service.go:86.17,88.4 1 0
github.com/mxngocqb/VCS-SERVER/back-end/internal/handler/user/service.go:89.3,89.41 1 0
github.com/mxngocqb/VCS-SERVER/back-end/internal/handler/user/service.go:93.2,93.24 1 0
github.com/mxngocqb/VCS-SERVER/back-end/internal/handler/user/service.go:93.24,95.17 2 0
github.com/mxngocqb/VCS-SERVER/back-end/internal/handler/user/service.go:95.17,97.4 1 0
github.com/mxngocqb/VCS-SERVER/back-end/internal/handler/user/service.go:98.3,98.29 1 0
github.com/mxngocqb/VCS-SERVER/back-end/internal/handler/user/service.go:101.2,104.58 2 0
github.com/mxngocqb/VCS-SERVER/back-end/internal/handler/user/service.go:104.58,106.3 1 0
github.com/mxngocqb/VCS-SERVER/back-end/internal/handler/user/service.go:108.2,108.26 1 0
github.com/mxngocqb/VCS-SERVER/back-end/internal/handler/user/service.go:112.59,114.62 2 0
github.com/mxngocqb/VCS-SERVER/back-end/internal/handler/user/service.go:114.62,116.3 1 0
github.com/mxngocqb/VCS-SERVER/back-end/internal/handler/user/service.go:119.2,120.16 2 0
github.com/mxngocqb/VCS-SERVER/back-end/internal/handler/user/service.go:120.16,122.3 1 0
github.com/mxngocqb/VCS-SERVER/back-end/internal/handler/user/service.go:125.2,125.25 1 0
github.com/mxngocqb/VCS-SERVER/back-end/internal/handler/user/service.go:125.25,127.3 1 0
github.com/mxngocqb/VCS-SERVER/back-end/internal/handler/user/service.go:130.2,130.58 1 0
github.com/mxngocqb/VCS-SERVER/back-end/internal/handler/user/service.go:130.58,132.3 1 0
github.com/mxngocqb/VCS-SERVER/back-end/internal/handler/user/service.go:134.2,134.42 1 0
github.com/mxngocqb/VCS-SERVER/back-end/internal/handler/user/transport/http.go:18.52,26.2 6 0
github.com/mxngocqb/VCS-SERVER/back-end/internal/handler/user/transport/http.go:41.42,44.16 3 1
github.com/mxngocqb/VCS-SERVER/back-end/internal/handler/user/transport/http.go:44.16,46.3 1 1
github.com/mxngocqb/VCS-SERVER/back-end/internal/handler/user/transport/http.go:48.2,48.40 1 1
github.com/mxngocqb/VCS-SERVER/back-end/internal/handler/user/transport/http.go:64.44,66.34 2 1
github.com/mxngocqb/VCS-SERVER/back-end/internal/handler/user/transport/http.go:66.34,68.3 1 1
github.com/mxngocqb/VCS-SERVER/back-end/internal/handler/user/transport/http.go:70.2,78.16 3 1
github.com/mxngocqb/VCS-SERVER/back-end/internal/handler/user/transport/http.go:78.16,80.3 1 0
github.com/mxngocqb/VCS-SERVER/back-end/internal/handler/user/transport/http.go:82.2,82.48 1 1
github.com/mxngocqb/VCS-SERVER/back-end/internal/handler/user/transport/http.go:100.44,103.34 3 1
github.com/mxngocqb/VCS-SERVER/back-end/internal/handler/user/transport/http.go:103.34,105.3 1 0
github.com/mxngocqb/VCS-SERVER/back-end/internal/handler/user/transport/http.go:108.2,116.16 3 1
github.com/mxngocqb/VCS-SERVER/back-end/internal/handler/user/transport/http.go:116.16,118.3 1 0
github.com/mxngocqb/VCS-SERVER/back-end/internal/handler/user/transport/http.go:120.2,120.43 1 1
github.com/mxngocqb/VCS-SERVER/back-end/internal/handler/user/transport/http.go:136.44,139.16 3 1
github.com/mxngocqb/VCS-SERVER/back-end/internal/handler/user/transport/http.go:139.16,141.3 1 1
github.com/mxngocqb/VCS-SERVER/back-end/internal/handler/user/transport/http.go:143.2,143.42 1 1
github.com/mxngocqb/VCS-SERVER/back-end/internal/mock/auth.go:14.98,16.24 2 0
github.com/mxngocqb/VCS-SERVER/back-end/internal/mock/auth.go:16.24,18.3 1 0
github.com/mxngocqb/VCS-SERVER/back-end/internal/mock/auth.go:19.2,19.49 1 0
github.com/mxngocqb/VCS-SERVER/back-end/internal/mock/server.go:15.137,18.2 2 0
github.com/mxngocqb/VCS-SERVER/back-end/internal/mock/server.go:20.107,23.2 2 0
github.com/mxngocqb/VCS-SERVER/back-end/internal/mock/server.go:25.118,28.2 2 0
github.com/mxngocqb/VCS-SERVER/back-end/internal/mock/server.go:30.79,33.2 2 0
github.com/mxngocqb/VCS-SERVER/back-end/internal/mock/server.go:35.134,38.2 2 0
github.com/mxngocqb/VCS-SERVER/back-end/internal/mock/server.go:40.135,43.2 2 0
github.com/mxngocqb/VCS-SERVER/back-end/internal/mock/server.go:45.124,48.2 2 0
github.com/mxngocqb/VCS-SERVER/back-end/internal/mock/server.go:50.102,53.2 2 0
github.com/mxngocqb/VCS-SERVER/back-end/internal/mock/user.go:13.92,16.27 3 1
github.com/mxngocqb/VCS-SERVER/back-end/internal/mock/user.go:16.27,18.6 1 1
github.com/mxngocqb/VCS-SERVER/back-end/internal/mock/user.go:19.5,19.31 1 1
github.com/mxngocqb/VCS-SERVER/back-end/internal/mock/user.go:22.98,25.24 3 1
github.com/mxngocqb/VCS-SERVER/back-end/internal/mock/user.go:25.24,27.3 1 0
github.com/mxngocqb/VCS-SERVER/back-end/internal/mock/user.go:28.2,28.28 1 1
github.com/mxngocqb/VCS-SERVER/back-end/internal/mock/user.go:31.109,34.2 2 1
github.com/mxngocqb/VCS-SERVER/back-end/internal/mock/user.go:36.79,39.2 2 1
github.com/mxngocqb/VCS-SERVER/back-end/internal/repository/repository.go:24.62,25.17 1 0
github.com/mxngocqb/VCS-SERVER/back-end/internal/repository/repository.go:25.17,36.17 4 0
github.com/mxngocqb/VCS-SERVER/back-end/internal/repository/repository.go:36.17,38.4 1 0
github.com/mxngocqb/VCS-SERVER/back-end/internal/repository/repository.go:43.27,44.18 1 0
github.com/mxngocqb/VCS-SERVER/back-end/internal/repository/repository.go:44.18,46.6 1 0
github.com/mxngocqb/VCS-SERVER/back-end/internal/repository/repository.go:47.5,47.24 1 0
github.com/mxngocqb/VCS-SERVER/back-end/internal/repository/server_impl.go:17.60,19.2 1 0
github.com/mxngocqb/VCS-SERVER/back-end/internal/repository/server_impl.go:22.131,27.18 3 0
github.com/mxngocqb/VCS-SERVER/back-end/internal/repository/server_impl.go:27.18,29.3 1 0
github.com/mxngocqb/VCS-SERVER/back-end/internal/repository/server_impl.go:32.2,32.56 1 0
github.com/mxngocqb/VCS-SERVER/back-end/internal/repository/server_impl.go:32.56,33.21 1 0
github.com/mxngocqb/VCS-SERVER/back-end/internal/repository/server_impl.go:33.21,35.4 1 0
github.com/mxngocqb/VCS-SERVER/back-end/internal/repository/server_impl.go:35.9,37.4 1 0
github.com/mxngocqb/VCS-SERVER/back-end/internal/repository/server_impl.go:38.8,40.3 1 0
github.com/mxngocqb/VCS-SERVER/back-end/internal/repository/server_impl.go:43.2,46.51 2 0
github.com/mxngocqb/VCS-SERVER/back-end/internal/repository/server_impl.go:46.51,48.3 1 0
github.com/mxngocqb/VCS-SERVER/back-end/internal/repository/server_impl.go:51.2,51.35 1 0
github.com/mxngocqb/VCS-SERVER/back-end/internal/repository/server_impl.go:55.170,58.52 2 0
github.com/mxngocqb/VCS-SERVER/back-end/internal/repository/server_impl.go:58.52,60.3 1 0
github.com/mxngocqb/VCS-SERVER/back-end/internal/repository/server_impl.go:61.2,61.52 1 0
github.com/mxngocqb/VCS-SERVER/back-end/internal/repository/server_impl.go:61.52,63.3 1 0
github.com/mxngocqb/VCS-SERVER/back-end/internal/repository/server_impl.go:66.2,66.56 1 0
github.com/mxngocqb/VCS-SERVER/back-end/internal/repository/server_impl.go:66.56,67.21 1 0
github.com/mxngocqb/VCS-SERVER/back-end/internal/repository/server_impl.go:67.21,69.4 1 0
github.com/mxngocqb/VCS-SERVER/back-end/internal/repository/server_impl.go:69.9,71.4 1 0
github.com/mxngocqb/VCS-SERVER/back-end/internal/repository/server_impl.go:72.8,74.3 1 0
github.com/mxngocqb/VCS-SERVER/back-end/internal/repository/server_impl.go:76.2,78.16 3 0
github.com/mxngocqb/VCS-SERVER/back-end/internal/repository/server_impl.go:78.16,80.3 1 0
github.com/mxngocqb/VCS-SERVER/back-end/internal/repository/server_impl.go:81.2,81.21 1 0
github.com/mxngocqb/VCS-SERVER/back-end/internal/repository/server_impl.go:85.63,87.2 1 0
github.com/mxngocqb/VCS-SERVER/back-end/internal/repository/server_impl.go:90.74,92.2 1 0
github.com/mxngocqb/VCS-SERVER/back-end/internal/repository/server_impl.go:95.74,98.2 1 0
github.com/mxngocqb/VCS-SERVER/back-end/internal/repository/server_impl.go:101.57,103.2 1 0
github.com/mxngocqb/VCS-SERVER/back-end/internal/repository/server_impl.go:106.81,110.2 3 0
github.com/mxngocqb/VCS-SERVER/back-end/internal/repository/user_impl.go:15.56,17.2 1 0
github.com/mxngocqb/VCS-SERVER/back-end/internal/repository/user_impl.go:20.59,22.2 1 0
github.com/mxngocqb/VCS-SERVER/back-end/internal/repository/user_impl.go:25.59,27.2 1 0
github.com/mxngocqb/VCS-SERVER/back-end/internal/repository/user_impl.go:30.59,32.2 1 0
github.com/mxngocqb/VCS-SERVER/back-end/internal/repository/user_impl.go:35.78,39.2 3 0
github.com/mxngocqb/VCS-SERVER/back-end/internal/repository/user_impl.go:42.75,48.25 4 0
github.com/mxngocqb/VCS-SERVER/back-end/internal/repository/user_impl.go:48.25,50.3 1 0
github.com/mxngocqb/VCS-SERVER/back-end/internal/repository/user_impl.go:53.2,53.34 1 0
github.com/mxngocqb/VCS-SERVER/back-end/internal/repository/user_impl.go:53.34,55.3 1 0
github.com/mxngocqb/VCS-SERVER/back-end/internal/repository/user_impl.go:57.2,57.21 1 0
github.com/mxngocqb/VCS-SERVER/back-end/internal/repository/user_impl.go:61.87,64.25 3 0
github.com/mxngocqb/VCS-SERVER/back-end/internal/repository/user_impl.go:64.25,66.3 1 0
github.com/mxngocqb/VCS-SERVER/back-end/internal/repository/user_impl.go:67.2,67.19 1 0
github.com/mxngocqb/VCS-SERVER/back-end/internal/repository/user_impl.go:71.75,74.25 3 0
github.com/mxngocqb/VCS-SERVER/back-end/internal/repository/user_impl.go:74.25,76.3 1 0
github.com/mxngocqb/VCS-SERVER/back-end/internal/repository/user_impl.go:77.2,77.19 1 0
github.com/mxngocqb/VCS-SERVER/back-end/pkg/config/config.go:18.41,20.16 2 0
github.com/mxngocqb/VCS-SERVER/back-end/pkg/config/config.go:20.16,22.3 1 0
github.com/mxngocqb/VCS-SERVER/back-end/pkg/config/config.go:23.2,24.51 2 0
github.com/mxngocqb/VCS-SERVER/back-end/pkg/config/config.go:24.51,26.3 1 0
github.com/mxngocqb/VCS-SERVER/back-end/pkg/config/config.go:27.2,27.17 1 0
github.com/mxngocqb/VCS-SERVER/back-end/pkg/util/binding.go:16.67,17.94 1 0
github.com/mxngocqb/VCS-SERVER/back-end/pkg/util/binding.go:17.94,20.3 2 0
github.com/mxngocqb/VCS-SERVER/back-end/pkg/util/binding.go:21.2,21.38 1 0
github.com/mxngocqb/VCS-SERVER/back-end/pkg/util/binding.go:21.38,23.3 1 0
github.com/mxngocqb/VCS-SERVER/back-end/pkg/util/binding.go:24.2,24.12 1 0
github.com/mxngocqb/VCS-SERVER/back-end/pkg/util/binding.go:33.58,34.47 1 0
github.com/mxngocqb/VCS-SERVER/back-end/pkg/util/binding.go:34.47,36.3 1 0
github.com/mxngocqb/VCS-SERVER/back-end/pkg/util/binding.go:37.2,37.12 1 0
github.com/mxngocqb/VCS-SERVER/back-end/pkg/util/check_ipv4.go:11.34,13.2 1 1
github.com/mxngocqb/VCS-SERVER/back-end/pkg/util/excel.go:18.38,20.2 1 0
github.com/mxngocqb/VCS-SERVER/back-end/pkg/util/excel.go:23.57,25.16 2 0
github.com/mxngocqb/VCS-SERVER/back-end/pkg/util/excel.go:25.16,27.3 1 0
github.com/mxngocqb/VCS-SERVER/back-end/pkg/util/excel.go:30.2,31.22 2 0
github.com/mxngocqb/VCS-SERVER/back-end/pkg/util/excel.go:31.22,33.3 1 0
github.com/mxngocqb/VCS-SERVER/back-end/pkg/util/excel.go:33.8,35.3 1 0
github.com/mxngocqb/VCS-SERVER/back-end/pkg/util/excel.go:38.2,41.16 3 0
github.com/mxngocqb/VCS-SERVER/back-end/pkg/util/excel.go:41.16,43.3 1 0
github.com/mxngocqb/VCS-SERVER/back-end/pkg/util/excel.go:43.8,45.3 1 0
github.com/mxngocqb/VCS-SERVER/back-end/pkg/util/excel.go:47.2,50.27 3 0
github.com/mxngocqb/VCS-SERVER/back-end/pkg/util/excel.go:50.27,51.13 1 0
github.com/mxngocqb/VCS-SERVER/back-end/pkg/util/excel.go:51.13,52.12 1 0
github.com/mxngocqb/VCS-SERVER/back-end/pkg/util/excel.go:55.3,55.20 1 0
github.com/mxngocqb/VCS-SERVER/back-end/pkg/util/excel.go:55.20,57.12 2 0
github.com/mxngocqb/VCS-SERVER/back-end/pkg/util/excel.go:60.3,61.17 2 0
github.com/mxngocqb/VCS-SERVER/back-end/pkg/util/excel.go:61.17,63.12 2 0
github.com/mxngocqb/VCS-SERVER/back-end/pkg/util/excel.go:66.3,66.27 1 0
github.com/mxngocqb/VCS-SERVER/back-end/pkg/util/excel.go:66.27,68.12 2 0
github.com/mxngocqb/VCS-SERVER/back-end/pkg/util/excel.go:71.3,76.66 2 0
github.com/mxngocqb/VCS-SERVER/back-end/pkg/util/excel.go:79.2,79.21 1 0
github.com/mxngocqb/VCS-SERVER/back-end/pkg/util/excel.go:79.21,81.3 1 0
github.com/mxngocqb/VCS-SERVER/back-end/pkg/util/excel.go:82.2,82.21 1 0
github.com/mxngocqb/VCS-SERVER/back-end/pkg/util/excel.go:87.70,90.16 3 0
github.com/mxngocqb/VCS-SERVER/back-end/pkg/util/excel.go:90.16,92.3 1 0
github.com/mxngocqb/VCS-SERVER/back-end/pkg/util/excel.go:93.2,97.33 3 0
github.com/mxngocqb/VCS-SERVER/back-end/pkg/util/excel.go:97.33,100.3 2 0
github.com/mxngocqb/VCS-SERVER/back-end/pkg/util/excel.go:103.2,103.33 1 0
github.com/mxngocqb/VCS-SERVER/back-end/pkg/util/excel.go:103.33,111.3 7 0
github.com/mxngocqb/VCS-SERVER/back-end/pkg/util/excel.go:113.2,113.15 1 0
github.com/mxngocqb/VCS-SERVER/back-end/pkg/util/jwt.go:17.51,30.16 4 1
github.com/mxngocqb/VCS-SERVER/back-end/pkg/util/jwt.go:30.16,33.3 2 0
github.com/mxngocqb/VCS-SERVER/back-end/pkg/util/jwt.go:35.2,35.15 1 1
github.com/mxngocqb/VCS-SERVER/back-end/pkg/util/log.go:20.52,36.2 3 0
github.com/mxngocqb/VCS-SERVER/back-end/pkg/util/log.go:39.28,49.2 2 0
github.com/mxngocqb/VCS-SERVER/back-end/pkg/util/log.go:51.32,61.2 2 0
github.com/mxngocqb/VCS-SERVER/back-end/pkg/util/password.go:10.52,11.20 1 1
github.com/mxngocqb/VCS-SERVER/back-end/pkg/util/password.go:11.20,13.3 1 1
github.com/mxngocqb/VCS-SERVER/back-end/pkg/util/password.go:16.2,17.16 2 1
github.com/mxngocqb/VCS-SERVER/back-end/pkg/util/password.go:17.16,19.3 1 0
github.com/mxngocqb/VCS-SERVER/back-end/pkg/util/password.go:21.2,21.27 1 1
github.com/mxngocqb/VCS-SERVER/back-end/pkg/util/password.go:25.53,28.16 2 1
github.com/mxngocqb/VCS-SERVER/back-end/pkg/util/password.go:28.16,30.58 1 1
github.com/mxngocqb/VCS-SERVER/back-end/pkg/util/password.go:30.58,32.4 1 1
github.com/mxngocqb/VCS-SERVER/back-end/pkg/util/password.go:33.3,33.13 1 0
github.com/mxngocqb/VCS-SERVER/back-end/pkg/util/password.go:35.2,35.12 1 1
