2024/05/17 10:47:02 /home/ngoc/Documents/VCS-SERVER/back-end/internal/repository/user.go:72
[0.408ms] [rows:1] SELECT * FROM "user_roles" WHERE "user_roles"."user_id" = 1
2024/05/17 10:47:02 /home/ngoc/Documents/VCS-SERVER/back-end/internal/repository/user.go:72
[0.436ms] [rows:1] SELECT * FROM "roles" WHERE "roles"."id" = 1
2024/05/17 10:47:02 /home/ngoc/Documents/VCS-SERVER/back-end/internal/repository/user.go:72
[3.805ms] [rows:1] SELECT * FROM "users" WHERE "users"."id" = '1' AND "users"."deleted_at" IS NULL ORDER BY "users"."id" LIMIT 1
2024/05/17 10:47:03 /home/ngoc/Documents/VCS-SERVER/back-end/internal/repository/user.go:72
[0.504ms] [rows:1] SELECT * FROM "user_roles" WHERE "user_roles"."user_id" = 1
2024/05/17 10:47:03 /home/ngoc/Documents/VCS-SERVER/back-end/internal/repository/user.go:72
[0.922ms] [rows:1] SELECT * FROM "roles" WHERE "roles"."id" = 1
2024/05/17 10:47:03 /home/ngoc/Documents/VCS-SERVER/back-end/internal/repository/user.go:72
[2.534ms] [rows:1] SELECT * FROM "users" WHERE "users"."id" = '1' AND "users"."deleted_at" IS NULL ORDER BY "users"."id" LIMIT 1
2024/05/17 10:47:03 /home/ngoc/Documents/VCS-SERVER/back-end/internal/repository/user.go:72
[0.213ms] [rows:1] SELECT * FROM "user_roles" WHERE "user_roles"."user_id" = 1
2024/05/17 10:47:03 /home/ngoc/Documents/VCS-SERVER/back-end/internal/repository/user.go:72
[0.423ms] [rows:1] SELECT * FROM "roles" WHERE "roles"."id" = 1
2024/05/17 10:47:03 /home/ngoc/Documents/VCS-SERVER/back-end/internal/repository/user.go:72
[1.715ms] [rows:1] SELECT * FROM "users" WHERE "users"."id" = '1' AND "users"."deleted_at" IS NULL ORDER BY "users"."id" LIMIT 1
2024/05/17 10:47:03 /home/ngoc/Documents/VCS-SERVER/back-end/internal/repository/user.go:72
[0.294ms] [rows:1] SELECT * FROM "user_roles" WHERE "user_roles"."user_id" = 1
2024/05/17 10:47:03 /home/ngoc/Documents/VCS-SERVER/back-end/internal/repository/user.go:72
[0.265ms] [rows:1] SELECT * FROM "roles" WHERE "roles"."id" = 1
2024/05/17 10:47:03 /home/ngoc/Documents/VCS-SERVER/back-end/internal/repository/user.go:72
[1.213ms] [rows:1] SELECT * FROM "users" WHERE "users"."id" = '1' AND "users"."deleted_at" IS NULL ORDER BY "users"."id" LIMIT 1
2024/05/17 10:47:03 /home/ngoc/Documents/VCS-SERVER/back-end/internal/repository/user.go:72
[0.409ms] [rows:1] SELECT * FROM "user_roles" WHERE "user_roles"."user_id" = 1
2024/05/17 10:47:03 /home/ngoc/Documents/VCS-SERVER/back-end/internal/repository/user.go:72
[0.626ms] [rows:1] SELECT * FROM "roles" WHERE "roles"."id" = 1
2024/05/17 10:47:03 /home/ngoc/Documents/VCS-SERVER/back-end/internal/repository/user.go:72
[1.606ms] [rows:1] SELECT * FROM "users" WHERE "users"."id" = '1' AND "users"."deleted_at" IS NULL ORDER BY "users"."id" LIMIT 1
2024/05/17 10:47:03 /home/ngoc/Documents/VCS-SERVER/back-end/internal/repository/user.go:72
[0.342ms] [rows:1] SELECT * FROM "user_roles" WHERE "user_roles"."user_id" = 1
2024/05/17 10:47:03 /home/ngoc/Documents/VCS-SERVER/back-end/internal/repository/user.go:72
[0.616ms] [rows:1] SELECT * FROM "roles" WHERE "roles"."id" = 1
2024/05/17 10:47:03 /home/ngoc/Documents/VCS-SERVER/back-end/internal/repository/user.go:72
[1.755ms] [rows:1] SELECT * FROM "users" WHERE "users"."id" = '1' AND "users"."deleted_at" IS NULL ORDER BY "users"."id" LIMIT 1
2024/05/17 10:47:03 /home/ngoc/Documents/VCS-SERVER/back-end/internal/repository/user.go:72
[0.259ms] [rows:1] SELECT * FROM "user_roles" WHERE "user_roles"."user_id" = 1
2024/05/17 10:47:03 /home/ngoc/Documents/VCS-SERVER/back-end/internal/repository/user.go:72
[0.331ms] [rows:1] SELECT * FROM "roles" WHERE "roles"."id" = 1
2024/05/17 10:47:03 /home/ngoc/Documents/VCS-SERVER/back-end/internal/repository/user.go:72
[1.465ms] [rows:1] SELECT * FROM "users" WHERE "users"."id" = '1' AND "users"."deleted_at" IS NULL ORDER BY "users"."id" LIMIT 1
2024/05/17 10:47:04 /home/ngoc/Documents/VCS-SERVER/back-end/internal/repository/user.go:72
[0.304ms] [rows:1] SELECT * FROM "user_roles" WHERE "user_roles"."user_id" = 1
2024/05/17 10:47:04 /home/ngoc/Documents/VCS-SERVER/back-end/internal/repository/user.go:72
[0.490ms] [rows:1] SELECT * FROM "roles" WHERE "roles"."id" = 1
2024/05/17 10:47:04 /home/ngoc/Documents/VCS-SERVER/back-end/internal/repository/user.go:72
[1.634ms] [rows:1] SELECT * FROM "users" WHERE "users"."id" = '1' AND "users"."deleted_at" IS NULL ORDER BY "users"."id" LIMIT 1
2024/05/17 10:47:04 /home/ngoc/Documents/VCS-SERVER/back-end/internal/repository/user.go:72
[0.385ms] [rows:1] SELECT * FROM "user_roles" WHERE "user_roles"."user_id" = 1
2024/05/17 10:47:04 /home/ngoc/Documents/VCS-SERVER/back-end/internal/repository/user.go:72
[0.286ms] [rows:1] SELECT * FROM "roles" WHERE "roles"."id" = 1
2024/05/17 10:47:04 /home/ngoc/Documents/VCS-SERVER/back-end/internal/repository/user.go:72
[1.390ms] [rows:1] SELECT * FROM "users" WHERE "users"."id" = '1' AND "users"."deleted_at" IS NULL ORDER BY "users"."id" LIMIT 1
2024/05/17 10:47:04 /home/ngoc/Documents/VCS-SERVER/back-end/internal/repository/user.go:72
[0.356ms] [rows:1] SELECT * FROM "user_roles" WHERE "user_roles"."user_id" = 1
2024/05/17 10:47:04 /home/ngoc/Documents/VCS-SERVER/back-end/internal/repository/user.go:72
[0.533ms] [rows:1] SELECT * FROM "roles" WHERE "roles"."id" = 1
2024/05/17 10:47:04 /home/ngoc/Documents/VCS-SERVER/back-end/internal/repository/user.go:72
[1.864ms] [rows:1] SELECT * FROM "users" WHERE "users"."id" = '1' AND "users"."deleted_at" IS NULL ORDER BY "users"."id" LIMIT 1
2024/05/17 10:47:04 /home/ngoc/Documents/VCS-SERVER/back-end/internal/repository/user.go:72
[0.222ms] [rows:1] SELECT * FROM "user_roles" WHERE "user_roles"."user_id" = 1
2024/05/17 10:47:04 /home/ngoc/Documents/VCS-SERVER/back-end/internal/repository/user.go:72
[0.585ms] [rows:1] SELECT * FROM "roles" WHERE "roles"."id" = 1
2024/05/17 10:47:04 /home/ngoc/Documents/VCS-SERVER/back-end/internal/repository/user.go:72
[1.548ms] [rows:1] SELECT * FROM "users" WHERE "users"."id" = '1' AND "users"."deleted_at" IS NULL ORDER BY "users"."id" LIMIT 1
2024/05/17 10:47:04 /home/ngoc/Documents/VCS-SERVER/back-end/internal/repository/user.go:72
[0.572ms] [rows:1] SELECT * FROM "user_roles" WHERE "user_roles"."user_id" = 1
2024/05/17 10:47:04 /home/ngoc/Documents/VCS-SERVER/back-end/internal/repository/user.go:72
[0.377ms] [rows:1] SELECT * FROM "roles" WHERE "roles"."id" = 1
2024/05/17 10:47:04 /home/ngoc/Documents/VCS-SERVER/back-end/internal/repository/user.go:72
[2.088ms] [rows:1] SELECT * FROM "users" WHERE "users"."id" = '1' AND "users"."deleted_at" IS NULL ORDER BY "users"."id" LIMIT 1
2024/05/17 10:47:05 /home/ngoc/Documents/VCS-SERVER/back-end/internal/repository/user.go:72
[0.300ms] [rows:1] SELECT * FROM "user_roles" WHERE "user_roles"."user_id" = 1
2024/05/17 10:47:05 /home/ngoc/Documents/VCS-SERVER/back-end/internal/repository/user.go:72
[0.440ms] [rows:1] SELECT * FROM "roles" WHERE "roles"."id" = 1
2024/05/17 10:47:05 /home/ngoc/Documents/VCS-SERVER/back-end/internal/repository/user.go:72
[1.417ms] [rows:1] SELECT * FROM "users" WHERE "users"."id" = '1' AND "users"."deleted_at" IS NULL ORDER BY "users"."id" LIMIT 1
2024/05/17 10:47:05 /home/ngoc/Documents/VCS-SERVER/back-end/internal/repository/user.go:72
[0.341ms] [rows:1] SELECT * FROM "user_roles" WHERE "user_roles"."user_id" = 1
2024/05/17 10:47:05 /home/ngoc/Documents/VCS-SERVER/back-end/internal/repository/user.go:72
[0.408ms] [rows:1] SELECT * FROM "roles" WHERE "roles"."id" = 1
2024/05/17 10:47:05 /home/ngoc/Documents/VCS-SERVER/back-end/internal/repository/user.go:72
[1.505ms] [rows:1] SELECT * FROM "users" WHERE "users"."id" = '1' AND "users"."deleted_at" IS NULL ORDER BY "users"."id" LIMIT 1
2024/05/17 10:47:05 /home/ngoc/Documents/VCS-SERVER/back-end/internal/repository/user.go:72
[0.328ms] [rows:1] SELECT * FROM "user_roles" WHERE "user_roles"."user_id" = 1
2024/05/17 10:47:05 /home/ngoc/Documents/VCS-SERVER/back-end/internal/repository/user.go:72
[0.551ms] [rows:1] SELECT * FROM "roles" WHERE "roles"."id" = 1
2024/05/17 10:47:05 /home/ngoc/Documents/VCS-SERVER/back-end/internal/repository/user.go:72
[1.739ms] [rows:1] SELECT * FROM "users" WHERE "users"."id" = '1' AND "users"."deleted_at" IS NULL ORDER BY "users"."id" LIMIT 1
2024/05/17 10:47:05 /home/ngoc/Documents/VCS-SERVER/back-end/internal/repository/user.go:72
[0.320ms] [rows:1] SELECT * FROM "user_roles" WHERE "user_roles"."user_id" = 1
2024/05/17 10:47:05 /home/ngoc/Documents/VCS-SERVER/back-end/internal/repository/user.go:72
[0.498ms] [rows:1] SELECT * FROM "roles" WHERE "roles"."id" = 1
2024/05/17 10:47:05 /home/ngoc/Documents/VCS-SERVER/back-end/internal/repository/user.go:72
[1.620ms] [rows:1] SELECT * FROM "users" WHERE "users"."id" = '1' AND "users"."deleted_at" IS NULL ORDER BY "users"."id" LIMIT 1
2024/05/17 10:47:05 /home/ngoc/Documents/VCS-SERVER/back-end/internal/repository/user.go:72
[0.370ms] [rows:1] SELECT * FROM "user_roles" WHERE "user_roles"."user_id" = 1
2024/05/17 10:47:05 /home/ngoc/Documents/VCS-SERVER/back-end/internal/repository/user.go:72
[0.388ms] [rows:1] SELECT * FROM "roles" WHERE "roles"."id" = 1
2024/05/17 10:47:05 /home/ngoc/Documents/VCS-SERVER/back-end/internal/repository/user.go:72
[1.592ms] [rows:1] SELECT * FROM "users" WHERE "users"."id" = '1' AND "users"."deleted_at" IS NULL ORDER BY "users"."id" LIMIT 1
2024/05/17 10:47:06 /home/ngoc/Documents/VCS-SERVER/back-end/internal/repository/user.go:72
[0.526ms] [rows:1] SELECT * FROM "user_roles" WHERE "user_roles"."user_id" = 1
2024/05/17 10:47:06 /home/ngoc/Documents/VCS-SERVER/back-end/internal/repository/user.go:72
[0.733ms] [rows:1] SELECT * FROM "roles" WHERE "roles"."id" = 1
2024/05/17 10:47:06 /home/ngoc/Documents/VCS-SERVER/back-end/internal/repository/user.go:72
[2.360ms] [rows:1] SELECT * FROM "users" WHERE "users"."id" = '1' AND "users"."deleted_at" IS NULL ORDER BY "users"."id" LIMIT 1
2024/05/17 10:47:06 /home/ngoc/Documents/VCS-SERVER/back-end/internal/repository/user.go:72
[0.235ms] [rows:1] SELECT * FROM "user_roles" WHERE "user_roles"."user_id" = 1
2024/05/17 10:47:06 /home/ngoc/Documents/VCS-SERVER/back-end/internal/repository/user.go:72
[0.310ms] [rows:1] SELECT * FROM "roles" WHERE "roles"."id" = 1
2024/05/17 10:47:06 /home/ngoc/Documents/VCS-SERVER/back-end/internal/repository/user.go:72
[1.191ms] [rows:1] SELECT * FROM "users" WHERE "users"."id" = '1' AND "users"."deleted_at" IS NULL ORDER BY "users"."id" LIMIT 1
2024/05/17 10:47:06 /home/ngoc/Documents/VCS-SERVER/back-end/internal/repository/user.go:72
[0.320ms] [rows:1] SELECT * FROM "user_roles" WHERE "user_roles"."user_id" = 1
2024/05/17 10:47:06 /home/ngoc/Documents/VCS-SERVER/back-end/internal/repository/user.go:72
[0.373ms] [rows:1] SELECT * FROM "roles" WHERE "roles"."id" = 1
2024/05/17 10:47:06 /home/ngoc/Documents/VCS-SERVER/back-end/internal/repository/user.go:72
[1.578ms] [rows:1] SELECT * FROM "users" WHERE "users"."id" = '1' AND "users"."deleted_at" IS NULL ORDER BY "users"."id" LIMIT 1
2024/05/17 10:47:06 /home/ngoc/Documents/VCS-SERVER/back-end/internal/repository/user.go:72
[0.768ms] [rows:1] SELECT * FROM "user_roles" WHERE "user_roles"."user_id" = 1
2024/05/17 10:47:06 /home/ngoc/Documents/VCS-SERVER/back-end/internal/repository/user.go:72
[0.580ms] [rows:1] SELECT * FROM "roles" WHERE "roles"."id" = 1
2024/05/17 10:47:06 /home/ngoc/Documents/VCS-SERVER/back-end/internal/repository/user.go:72
[2.274ms] [rows:1] SELECT * FROM "users" WHERE "users"."id" = '1' AND "users"."deleted_at" IS NULL ORDER BY "users"."id" LIMIT 1
2024/05/17 10:47:06 /home/ngoc/Documents/VCS-SERVER/back-end/internal/repository/user.go:72
[0.486ms] [rows:1] SELECT * FROM "user_roles" WHERE "user_roles"."user_id" = 1
2024/05/17 10:47:06 /home/ngoc/Documents/VCS-SERVER/back-end/internal/repository/user.go:72
[0.151ms] [rows:1] SELECT * FROM "roles" WHERE "roles"."id" = 1
2024/05/17 10:47:06 /home/ngoc/Documents/VCS-SERVER/back-end/internal/repository/user.go:72
[1.411ms] [rows:1] SELECT * FROM "users" WHERE "users"."id" = '1' AND "users"."deleted_at" IS NULL ORDER BY "users"."id" LIMIT 1
2024/05/17 10:47:06 /home/ngoc/Documents/VCS-SERVER/back-end/internal/repository/user.go:72
[0.288ms] [rows:1] SELECT * FROM "user_roles" WHERE "user_roles"."user_id" = 1
2024/05/17 10:47:06 /home/ngoc/Documents/VCS-SERVER/back-end/internal/repository/user.go:72
[0.468ms] [rows:1] SELECT * FROM "roles" WHERE "roles"."id" = 1
2024/05/17 10:47:06 /home/ngoc/Documents/VCS-SERVER/back-end/internal/repository/user.go:72
[1.491ms] [rows:1] SELECT * FROM "users" WHERE "users"."id" = '1' AND "users"."deleted_at" IS NULL ORDER BY "users"."id" LIMIT 1
2024/05/17 10:47:07 /home/ngoc/Documents/VCS-SERVER/back-end/internal/repository/user.go:72
[0.479ms] [rows:1] SELECT * FROM "user_roles" WHERE "user_roles"."user_id" = 1
2024/05/17 10:47:07 /home/ngoc/Documents/VCS-SERVER/back-end/internal/repository/user.go:72
[0.877ms] [rows:1] SELECT * FROM "roles" WHERE "roles"."id" = 1
2024/05/17 10:47:07 /home/ngoc/Documents/VCS-SERVER/back-end/internal/repository/user.go:72
[2.181ms] [rows:1] SELECT * FROM "users" WHERE "users"."id" = '1' AND "users"."deleted_at" IS NULL ORDER BY "users"."id" LIMIT 1
2024/05/17 10:47:07 /home/ngoc/Documents/VCS-SERVER/back-end/internal/repository/user.go:72
[0.285ms] [rows:1] SELECT * FROM "user_roles" WHERE "user_roles"."user_id" = 1
2024/05/17 10:47:07 /home/ngoc/Documents/VCS-SERVER/back-end/internal/repository/user.go:72
[0.460ms] [rows:1] SELECT * FROM "roles" WHERE "roles"."id" = 1
2024/05/17 10:47:07 /home/ngoc/Documents/VCS-SERVER/back-end/internal/repository/user.go:72
[1.361ms] [rows:1] SELECT * FROM "users" WHERE "users"."id" = '1' AND "users"."deleted_at" IS NULL ORDER BY "users"."id" LIMIT 1
2024/05/17 10:47:07 /home/ngoc/Documents/VCS-SERVER/back-end/internal/repository/user.go:72
[0.371ms] [rows:1] SELECT * FROM "user_roles" WHERE "user_roles"."user_id" = 1
2024/05/17 10:47:07 /home/ngoc/Documents/VCS-SERVER/back-end/internal/repository/user.go:72
[0.278ms] [rows:1] SELECT * FROM "roles" WHERE "roles"."id" = 1
2024/05/17 10:47:07 /home/ngoc/Documents/VCS-SERVER/back-end/internal/repository/user.go:72
[1.490ms] [rows:1] SELECT * FROM "users" WHERE "users"."id" = '1' AND "users"."deleted_at" IS NULL ORDER BY "users"."id" LIMIT 1
2024/05/17 10:47:07 /home/ngoc/Documents/VCS-SERVER/back-end/internal/repository/user.go:72
[0.479ms] [rows:1] SELECT * FROM "user_roles" WHERE "user_roles"."user_id" = 1
2024/05/17 10:47:07 /home/ngoc/Documents/VCS-SERVER/back-end/internal/repository/user.go:72
[0.418ms] [rows:1] SELECT * FROM "roles" WHERE "roles"."id" = 1
2024/05/17 10:47:07 /home/ngoc/Documents/VCS-SERVER/back-end/internal/repository/user.go:72
[1.593ms] [rows:1] SELECT * FROM "users" WHERE "users"."id" = '1' AND "users"."deleted_at" IS NULL ORDER BY "users"."id" LIMIT 1
2024/05/17 10:47:07 /home/ngoc/Documents/VCS-SERVER/back-end/internal/repository/user.go:72
[0.706ms] [rows:1] SELECT * FROM "user_roles" WHERE "user_roles"."user_id" = 1
2024/05/17 10:47:07 /home/ngoc/Documents/VCS-SERVER/back-end/internal/repository/user.go:72
[0.346ms] [rows:1] SELECT * FROM "roles" WHERE "roles"."id" = 1
2024/05/17 10:47:07 /home/ngoc/Documents/VCS-SERVER/back-end/internal/repository/user.go:72
[1.984ms] [rows:1] SELECT * FROM "users" WHERE "users"."id" = '1' AND "users"."deleted_at" IS NULL ORDER BY "users"."id" LIMIT 1
2024/05/17 10:47:08 /home/ngoc/Documents/VCS-SERVER/back-end/internal/repository/user.go:72
[0.702ms] [rows:1] SELECT * FROM "user_roles" WHERE "user_roles"."user_id" = 1
2024/05/17 10:47:08 /home/ngoc/Documents/VCS-SERVER/back-end/internal/repository/user.go:72
[0.367ms] [rows:1] SELECT * FROM "roles" WHERE "roles"."id" = 1
2024/05/17 10:47:08 /home/ngoc/Documents/VCS-SERVER/back-end/internal/repository/user.go:72
[1.967ms] [rows:1] SELECT * FROM "users" WHERE "users"."id" = '1' AND "users"."deleted_at" IS NULL ORDER BY "users"."id" LIMIT 1
2024/05/17 10:47:08 /home/ngoc/Documents/VCS-SERVER/back-end/internal/repository/user.go:72
[0.964ms] [rows:1] SELECT * FROM "user_roles" WHERE "user_roles"."user_id" = 1
2024/05/17 10:47:08 /home/ngoc/Documents/VCS-SERVER/back-end/internal/repository/user.go:72
[0.453ms] [rows:1] SELECT * FROM "roles" WHERE "roles"."id" = 1
2024/05/17 10:47:08 /home/ngoc/Documents/VCS-SERVER/back-end/internal/repository/user.go:72
[4.108ms] [rows:1] SELECT * FROM "users" WHERE "users"."id" = '1' AND "users"."deleted_at" IS NULL ORDER BY "users"."id" LIMIT 1
2024/05/17 10:47:08 /home/ngoc/Documents/VCS-SERVER/back-end/internal/repository/user.go:72
[0.785ms] [rows:1] SELECT * FROM "user_roles" WHERE "user_roles"."user_id" = 1
2024/05/17 10:47:08 /home/ngoc/Documents/VCS-SERVER/back-end/internal/repository/user.go:72
[0.977ms] [rows:1] SELECT * FROM "roles" WHERE "roles"."id" = 1
2024/05/17 10:47:08 /home/ngoc/Documents/VCS-SERVER/back-end/internal/repository/user.go:72
[2.989ms] [rows:1] SELECT * FROM "users" WHERE "users"."id" = '1' AND "users"."deleted_at" IS NULL ORDER BY "users"."id" LIMIT 1
2024/05/17 10:47:08 /home/ngoc/Documents/VCS-SERVER/back-end/internal/repository/user.go:72
[0.558ms] [rows:1] SELECT * FROM "user_roles" WHERE "user_roles"."user_id" = 1
2024/05/17 10:47:08 /home/ngoc/Documents/VCS-SERVER/back-end/internal/repository/user.go:72
[0.312ms] [rows:1] SELECT * FROM "roles" WHERE "roles"."id" = 1
2024/05/17 10:47:08 /home/ngoc/Documents/VCS-SERVER/back-end/internal/repository/user.go:72
[1.864ms] [rows:1] SELECT * FROM "users" WHERE "users"."id" = '1' AND "users"."deleted_at" IS NULL ORDER BY "users"."id" LIMIT 1
2024/05/17 10:47:08 /home/ngoc/Documents/VCS-SERVER/back-end/internal/repository/user.go:72
[0.465ms] [rows:1] SELECT * FROM "user_roles" WHERE "user_roles"."user_id" = 1
2024/05/17 10:47:08 /home/ngoc/Documents/VCS-SERVER/back-end/internal/repository/user.go:72
[0.715ms] [rows:1] SELECT * FROM "roles" WHERE "roles"."id" = 1
2024/05/17 10:47:08 /home/ngoc/Documents/VCS-SERVER/back-end/internal/repository/user.go:72
[2.402ms] [rows:1] SELECT * FROM "users" WHERE "users"."id" = '1' AND "users"."deleted_at" IS NULL ORDER BY "users"."id" LIMIT 1
2024/05/17 10:47:09 /home/ngoc/Documents/VCS-SERVER/back-end/internal/repository/user.go:72
[0.181ms] [rows:1] SELECT * FROM "user_roles" WHERE "user_roles"."user_id" = 1
2024/05/17 10:47:09 /home/ngoc/Documents/VCS-SERVER/back-end/internal/repository/user.go:72
[0.107ms] [rows:1] SELECT * FROM "roles" WHERE "roles"."id" = 1
2024/05/17 10:47:09 /home/ngoc/Documents/VCS-SERVER/back-end/internal/repository/user.go:72
[0.912ms] [rows:1] SELECT * FROM "users" WHERE "users"."id" = '1' AND "users"."deleted_at" IS NULL ORDER BY "users"."id" LIMIT 1
2024/05/17 10:47:09 /home/ngoc/Documents/VCS-SERVER/back-end/internal/repository/user.go:72
[0.342ms] [rows:1] SELECT * FROM "user_roles" WHERE "user_roles"."user_id" = 1
2024/05/17 10:47:09 /home/ngoc/Documents/VCS-SERVER/back-end/internal/repository/user.go:72
[0.454ms] [rows:1] SELECT * FROM "roles" WHERE "roles"."id" = 1
2024/05/17 10:47:09 /home/ngoc/Documents/VCS-SERVER/back-end/internal/repository/user.go:72
[1.559ms] [rows:1] SELECT * FROM "users" WHERE "users"."id" = '1' AND "users"."deleted_at" IS NULL ORDER BY "users"."id" LIMIT 1
2024/05/17 10:47:09 /home/ngoc/Documents/VCS-SERVER/back-end/internal/repository/user.go:72
[0.751ms] [rows:1] SELECT * FROM "user_roles" WHERE "user_roles"."user_id" = 1
2024/05/17 10:47:09 /home/ngoc/Documents/VCS-SERVER/back-end/internal/repository/user.go:72
[0.198ms] [rows:1] SELECT * FROM "roles" WHERE "roles"."id" = 1
2024/05/17 10:47:09 /home/ngoc/Documents/VCS-SERVER/back-end/internal/repository/user.go:72
[2.504ms] [rows:1] SELECT * FROM "users" WHERE "users"."id" = '1' AND "users"."deleted_at" IS NULL ORDER BY "users"."id" LIMIT 1
2024/05/17 10:47:09 /home/ngoc/Documents/VCS-SERVER/back-end/internal/repository/user.go:72
[0.604ms] [rows:1] SELECT * FROM "user_roles" WHERE "user_roles"."user_id" = 1
2024/05/17 10:47:09 /home/ngoc/Documents/VCS-SERVER/back-end/internal/repository/user.go:72
[0.553ms] [rows:1] SELECT * FROM "roles" WHERE "roles"."id" = 1
2024/05/17 10:47:09 /home/ngoc/Documents/VCS-SERVER/back-end/internal/repository/user.go:72
[1.876ms] [rows:1] SELECT * FROM "users" WHERE "users"."id" = '1' AND "users"."deleted_at" IS NULL ORDER BY "users"."id" LIMIT 1
2024/05/17 10:47:09 /home/ngoc/Documents/VCS-SERVER/back-end/internal/repository/user.go:72
[0.289ms] [rows:1] SELECT * FROM "user_roles" WHERE "user_roles"."user_id" = 1
2024/05/17 10:47:09 /home/ngoc/Documents/VCS-SERVER/back-end/internal/repository/user.go:72
[0.500ms] [rows:1] SELECT * FROM "roles" WHERE "roles"."id" = 1
2024/05/17 10:47:09 /home/ngoc/Documents/VCS-SERVER/back-end/internal/repository/user.go:72
[1.600ms] [rows:1] SELECT * FROM "users" WHERE "users"."id" = '1' AND "users"."deleted_at" IS NULL ORDER BY "users"."id" LIMIT 1
2024/05/17 10:47:10 /home/ngoc/Documents/VCS-SERVER/back-end/internal/repository/user.go:72
[0.205ms] [rows:1] SELECT * FROM "user_roles" WHERE "user_roles"."user_id" = 1
2024/05/17 10:47:10 /home/ngoc/Documents/VCS-SERVER/back-end/internal/repository/user.go:72
[0.118ms] [rows:1] SELECT * FROM "roles" WHERE "roles"."id" = 1
2024/05/17 10:47:10 /home/ngoc/Documents/VCS-SERVER/back-end/internal/repository/user.go:72
[1.198ms] [rows:1] SELECT * FROM "users" WHERE "users"."id" = '1' AND "users"."deleted_at" IS NULL ORDER BY "users"."id" LIMIT 1
2024/05/17 10:47:10 /home/ngoc/Documents/VCS-SERVER/back-end/internal/repository/user.go:72
[0.589ms] [rows:1] SELECT * FROM "user_roles" WHERE "user_roles"."user_id" = 1
2024/05/17 10:47:10 /home/ngoc/Documents/VCS-SERVER/back-end/internal/repository/user.go:72
[0.336ms] [rows:1] SELECT * FROM "roles" WHERE "roles"."id" = 1
2024/05/17 10:47:10 /home/ngoc/Documents/VCS-SERVER/back-end/internal/repository/user.go:72
[2.148ms] [rows:1] SELECT * FROM "users" WHERE "users"."id" = '1' AND "users"."deleted_at" IS NULL ORDER BY "users"."id" LIMIT 1
2024/05/17 10:47:10 /home/ngoc/Documents/VCS-SERVER/back-end/internal/repository/user.go:72
[1.544ms] [rows:1] SELECT * FROM "user_roles" WHERE "user_roles"."user_id" = 1
2024/05/17 10:47:10 /home/ngoc/Documents/VCS-SERVER/back-end/internal/repository/user.go:72
[0.413ms] [rows:1] SELECT * FROM "roles" WHERE "roles"."id" = 1
2024/05/17 10:47:10 /home/ngoc/Documents/VCS-SERVER/back-end/internal/repository/user.go:72
[3.004ms] [rows:1] SELECT * FROM "users" WHERE "users"."id" = '1' AND "users"."deleted_at" IS NULL ORDER BY "users"."id" LIMIT 1
2024/05/17 10:47:10 /home/ngoc/Documents/VCS-SERVER/back-end/internal/repository/user.go:72
[0.378ms] [rows:1] SELECT * FROM "user_roles" WHERE "user_roles"."user_id" = 1
2024/05/17 10:47:10 /home/ngoc/Documents/VCS-SERVER/back-end/internal/repository/user.go:72
[0.461ms] [rows:1] SELECT * FROM "roles" WHERE "roles"."id" = 1
2024/05/17 10:47:10 /home/ngoc/Documents/VCS-SERVER/back-end/internal/repository/user.go:72
[1.686ms] [rows:1] SELECT * FROM "users" WHERE "users"."id" = '1' AND "users"."deleted_at" IS NULL ORDER BY "users"."id" LIMIT 1
2024/05/17 10:47:10 /home/ngoc/Documents/VCS-SERVER/back-end/internal/repository/user.go:72
[0.445ms] [rows:1] SELECT * FROM "user_roles" WHERE "user_roles"."user_id" = 1
2024/05/17 10:47:10 /home/ngoc/Documents/VCS-SERVER/back-end/internal/repository/user.go:72
[0.627ms] [rows:1] SELECT * FROM "roles" WHERE "roles"."id" = 1
2024/05/17 10:47:10 /home/ngoc/Documents/VCS-SERVER/back-end/internal/repository/user.go:72
[1.963ms] [rows:1] SELECT * FROM "users" WHERE "users"."id" = '1' AND "users"."deleted_at" IS NULL ORDER BY "users"."id" LIMIT 1
2024/05/17 10:47:11 /home/ngoc/Documents/VCS-SERVER/back-end/internal/repository/user.go:72
[0.613ms] [rows:1] SELECT * FROM "user_roles" WHERE "user_roles"."user_id" = 1
2024/05/17 10:47:11 /home/ngoc/Documents/VCS-SERVER/back-end/internal/repository/user.go:72
[0.803ms] [rows:1] SELECT * FROM "roles" WHERE "roles"."id" = 1
2024/05/17 10:47:11 /home/ngoc/Documents/VCS-SERVER/back-end/internal/repository/user.go:72
[2.594ms] [rows:1] SELECT * FROM "users" WHERE "users"."id" = '1' AND "users"."deleted_at" IS NULL ORDER BY "users"."id" LIMIT 1
2024/05/17 10:47:11 /home/ngoc/Documents/VCS-SERVER/back-end/internal/repository/user.go:72
[0.643ms] [rows:1] SELECT * FROM "user_roles" WHERE "user_roles"."user_id" = 1
2024/05/17 10:47:11 /home/ngoc/Documents/VCS-SERVER/back-end/internal/repository/user.go:72
[0.528ms] [rows:1] SELECT * FROM "roles" WHERE "roles"."id" = 1
2024/05/17 10:47:11 /home/ngoc/Documents/VCS-SERVER/back-end/internal/repository/user.go:72
[2.099ms] [rows:1] SELECT * FROM "users" WHERE "users"."id" = '1' AND "users"."deleted_at" IS NULL ORDER BY "users"."id" LIMIT 1
2024/05/17 10:47:11 /home/ngoc/Documents/VCS-SERVER/back-end/internal/repository/user.go:72
[0.380ms] [rows:1] SELECT * FROM "user_roles" WHERE "user_roles"."user_id" = 1
2024/05/17 10:47:11 /home/ngoc/Documents/VCS-SERVER/back-end/internal/repository/user.go:72
[0.594ms] [rows:1] SELECT * FROM "roles" WHERE "roles"."id" = 1
2024/05/17 10:47:11 /home/ngoc/Documents/VCS-SERVER/back-end/internal/repository/user.go:72
[1.597ms] [rows:1] SELECT * FROM "users" WHERE "users"."id" = '1' AND "users"."deleted_at" IS NULL ORDER BY "users"."id" LIMIT 1
2024/05/17 10:47:11 /home/ngoc/Documents/VCS-SERVER/back-end/internal/repository/user.go:72
[0.553ms] [rows:1] SELECT * FROM "user_roles" WHERE "user_roles"."user_id" = 1
2024/05/17 10:47:11 /home/ngoc/Documents/VCS-SERVER/back-end/internal/repository/user.go:72
[0.372ms] [rows:1] SELECT * FROM "roles" WHERE "roles"."id" = 1
2024/05/17 10:47:11 /home/ngoc/Documents/VCS-SERVER/back-end/internal/repository/user.go:72
[2.027ms] [rows:1] SELECT * FROM "users" WHERE "users"."id" = '1' AND "users"."deleted_at" IS NULL ORDER BY "users"."id" LIMIT 1
2024/05/17 10:47:11 /home/ngoc/Documents/VCS-SERVER/back-end/internal/repository/user.go:72
[0.660ms] [rows:1] SELECT * FROM "user_roles" WHERE "user_roles"."user_id" = 1
2024/05/17 10:47:11 /home/ngoc/Documents/VCS-SERVER/back-end/internal/repository/user.go:72
[0.863ms] [rows:1] SELECT * FROM "roles" WHERE "roles"."id" = 1
2024/05/17 10:47:11 /home/ngoc/Documents/VCS-SERVER/back-end/internal/repository/user.go:72
[2.417ms] [rows:1] SELECT * FROM "users" WHERE "users"."id" = '1' AND "users"."deleted_at" IS NULL ORDER BY "users"."id" LIMIT 1
2024/05/17 10:47:12 /home/ngoc/Documents/VCS-SERVER/back-end/internal/repository/user.go:72
[0.711ms] [rows:1] SELECT * FROM "user_roles" WHERE "user_roles"."user_id" = 1
2024/05/17 10:47:12 /home/ngoc/Documents/VCS-SERVER/back-end/internal/repository/user.go:72
[0.293ms] [rows:1] SELECT * FROM "roles" WHERE "roles"."id" = 1
2024/05/17 10:47:12 /home/ngoc/Documents/VCS-SERVER/back-end/internal/repository/user.go:72
[1.936ms] [rows:1] SELECT * FROM "users" WHERE "users"."id" = '1' AND "users"."deleted_at" IS NULL ORDER BY "users"."id" LIMIT 1
2024/05/17 10:47:12 /home/ngoc/Documents/VCS-SERVER/back-end/internal/repository/user.go:72
[0.275ms] [rows:1] SELECT * FROM "user_roles" WHERE "user_roles"."user_id" = 1
2024/05/17 10:47:12 /home/ngoc/Documents/VCS-SERVER/back-end/internal/repository/user.go:72
[0.517ms] [rows:1] SELECT * FROM "roles" WHERE "roles"."id" = 1
2024/05/17 10:47:12 /home/ngoc/Documents/VCS-SERVER/back-end/internal/repository/user.go:72
[1.516ms] [rows:1] SELECT * FROM "users" WHERE "users"."id" = '1' AND "users"."deleted_at" IS NULL ORDER BY "users"."id" LIMIT 1
2024/05/17 10:47:12 /home/ngoc/Documents/VCS-SERVER/back-end/internal/repository/user.go:72
[0.546ms] [rows:1] SELECT * FROM "user_roles" WHERE "user_roles"."user_id" = 1
2024/05/17 10:47:12 /home/ngoc/Documents/VCS-SERVER/back-end/internal/repository/user.go:72
[0.403ms] [rows:1] SELECT * FROM "roles" WHERE "roles"."id" = 1
2024/05/17 10:47:12 /home/ngoc/Documents/VCS-SERVER/back-end/internal/repository/user.go:72
[1.595ms] [rows:1] SELECT * FROM "users" WHERE "users"."id" = '1' AND "users"."deleted_at" IS NULL ORDER BY "users"."id" LIMIT 1
2024/05/17 10:47:12 /home/ngoc/Documents/VCS-SERVER/back-end/internal/repository/user.go:72
[0.450ms] [rows:1] SELECT * FROM "user_roles" WHERE "user_roles"."user_id" = 1
2024/05/17 10:47:12 /home/ngoc/Documents/VCS-SERVER/back-end/internal/repository/user.go:72
[0.356ms] [rows:1] SELECT * FROM "roles" WHERE "roles"."id" = 1
2024/05/17 10:47:12 /home/ngoc/Documents/VCS-SERVER/back-end/internal/repository/user.go:72
[1.649ms] [rows:1] SELECT * FROM "users" WHERE "users"."id" = '1' AND "users"."deleted_at" IS NULL ORDER BY "users"."id" LIMIT 1
2024/05/17 10:47:12 /home/ngoc/Documents/VCS-SERVER/back-end/internal/repository/user.go:72
[0.603ms] [rows:1] SELECT * FROM "user_roles" WHERE "user_roles"."user_id" = 1
2024/05/17 10:47:12 /home/ngoc/Documents/VCS-SERVER/back-end/internal/repository/user.go:72
[0.311ms] [rows:1] SELECT * FROM "roles" WHERE "roles"."id" = 1
2024/05/17 10:47:12 /home/ngoc/Documents/VCS-SERVER/back-end/internal/repository/user.go:72
[1.548ms] [rows:1] SELECT * FROM "users" WHERE "users"."id" = '1' AND "users"."deleted_at" IS NULL ORDER BY "users"."id" LIMIT 1
2024/05/17 10:47:13 /home/ngoc/Documents/VCS-SERVER/back-end/internal/repository/user.go:72
[1.156ms] [rows:1] SELECT * FROM "user_roles" WHERE "user_roles"."user_id" = 1
2024/05/17 10:47:13 /home/ngoc/Documents/VCS-SERVER/back-end/internal/repository/user.go:72
[0.692ms] [rows:1] SELECT * FROM "roles" WHERE "roles"."id" = 1
2024/05/17 10:47:13 /home/ngoc/Documents/VCS-SERVER/back-end/internal/repository/user.go:72
[3.911ms] [rows:1] SELECT * FROM "users" WHERE "users"."id" = '1' AND "users"."deleted_at" IS NULL ORDER BY "users"."id" LIMIT 1
2024/05/17 10:47:13 /home/ngoc/Documents/VCS-SERVER/back-end/internal/repository/user.go:72
[0.807ms] [rows:1] SELECT * FROM "user_roles" WHERE "user_roles"."user_id" = 1
2024/05/17 10:47:13 /home/ngoc/Documents/VCS-SERVER/back-end/internal/repository/user.go:72
[0.519ms] [rows:1] SELECT * FROM "roles" WHERE "roles"."id" = 1
2024/05/17 10:47:13 /home/ngoc/Documents/VCS-SERVER/back-end/internal/repository/user.go:72
[2.160ms] [rows:1] SELECT * FROM "users" WHERE "users"."id" = '1' AND "users"."deleted_at" IS NULL ORDER BY "users"."id" LIMIT 1
2024/05/17 10:47:13 /home/ngoc/Documents/VCS-SERVER/back-end/internal/repository/user.go:72
[0.425ms] [rows:1] SELECT * FROM "user_roles" WHERE "user_roles"."user_id" = 1
2024/05/17 10:47:13 /home/ngoc/Documents/VCS-SERVER/back-end/internal/repository/user.go:72
[0.391ms] [rows:1] SELECT * FROM "roles" WHERE "roles"."id" = 1
2024/05/17 10:47:13 /home/ngoc/Documents/VCS-SERVER/back-end/internal/repository/user.go:72
[1.633ms] [rows:1] SELECT * FROM "users" WHERE "users"."id" = '1' AND "users"."deleted_at" IS NULL ORDER BY "users"."id" LIMIT 1
2024/05/17 10:47:13 /home/ngoc/Documents/VCS-SERVER/back-end/internal/repository/user.go:72
[0.279ms] [rows:1] SELECT * FROM "user_roles" WHERE "user_roles"."user_id" = 1
2024/05/17 10:47:13 /home/ngoc/Documents/VCS-SERVER/back-end/internal/repository/user.go:72
[0.351ms] [rows:1] SELECT * FROM "roles" WHERE "roles"."id" = 1
2024/05/17 10:47:13 /home/ngoc/Documents/VCS-SERVER/back-end/internal/repository/user.go:72
[1.423ms] [rows:1] SELECT * FROM "users" WHERE "users"."id" = '1' AND "users"."deleted_at" IS NULL ORDER BY "users"."id" LIMIT 1
2024/05/17 10:47:13 /home/ngoc/Documents/VCS-SERVER/back-end/internal/repository/user.go:72
[0.491ms] [rows:1] SELECT * FROM "user_roles" WHERE "user_roles"."user_id" = 1
2024/05/17 10:47:13 /home/ngoc/Documents/VCS-SERVER/back-end/internal/repository/user.go:72
[0.698ms] [rows:1] SELECT * FROM "roles" WHERE "roles"."id" = 1
2024/05/17 10:47:13 /home/ngoc/Documents/VCS-SERVER/back-end/internal/repository/user.go:72
[1.964ms] [rows:1] SELECT * FROM "users" WHERE "users"."id" = '1' AND "users"."deleted_at" IS NULL ORDER BY "users"."id" LIMIT 1
2024/05/17 10:47:14 /home/ngoc/Documents/VCS-SERVER/back-end/internal/repository/user.go:72
[0.446ms] [rows:1] SELECT * FROM "user_roles" WHERE "user_roles"."user_id" = 1
2024/05/17 10:47:14 /home/ngoc/Documents/VCS-SERVER/back-end/internal/repository/user.go:72
[0.633ms] [rows:1] SELECT * FROM "roles" WHERE "roles"."id" = 1
2024/05/17 10:47:14 /home/ngoc/Documents/VCS-SERVER/back-end/internal/repository/user.go:72
[1.717ms] [rows:1] SELECT * FROM "users" WHERE "users"."id" = '1' AND "users"."deleted_at" IS NULL ORDER BY "users"."id" LIMIT 1
2024/05/17 10:47:14 /home/ngoc/Documents/VCS-SERVER/back-end/internal/repository/user.go:72
[0.574ms] [rows:1] SELECT * FROM "user_roles" WHERE "user_roles"."user_id" = 1
2024/05/17 10:47:14 /home/ngoc/Documents/VCS-SERVER/back-end/internal/repository/user.go:72
[0.326ms] [rows:1] SELECT * FROM "roles" WHERE "roles"."id" = 1
2024/05/17 10:47:14 /home/ngoc/Documents/VCS-SERVER/back-end/internal/repository/user.go:72
[1.928ms] [rows:1] SELECT * FROM "users" WHERE "users"."id" = '1' AND "users"."deleted_at" IS NULL ORDER BY "users"."id" LIMIT 1
2024/05/17 10:47:14 /home/ngoc/Documents/VCS-SERVER/back-end/internal/repository/user.go:72
[0.261ms] [rows:1] SELECT * FROM "user_roles" WHERE "user_roles"."user_id" = 1
2024/05/17 10:47:14 /home/ngoc/Documents/VCS-SERVER/back-end/internal/repository/user.go:72
[0.181ms] [rows:1] SELECT * FROM "roles" WHERE "roles"."id" = 1
2024/05/17 10:47:14 /home/ngoc/Documents/VCS-SERVER/back-end/internal/repository/user.go:72
[1.075ms] [rows:1] SELECT * FROM "users" WHERE "users"."id" = '1' AND "users"."deleted_at" IS NULL ORDER BY "users"."id" LIMIT 1
2024/05/17 10:47:14 /home/ngoc/Documents/VCS-SERVER/back-end/internal/repository/user.go:72
[0.308ms] [rows:1] SELECT * FROM "user_roles" WHERE "user_roles"."user_id" = 1
2024/05/17 10:47:14 /home/ngoc/Documents/VCS-SERVER/back-end/internal/repository/user.go:72
[0.409ms] [rows:1] SELECT * FROM "roles" WHERE "roles"."id" = 1
2024/05/17 10:47:14 /home/ngoc/Documents/VCS-SERVER/back-end/internal/repository/user.go:72
[1.359ms] [rows:1] SELECT * FROM "users" WHERE "users"."id" = '1' AND "users"."deleted_at" IS NULL ORDER BY "users"."id" LIMIT 1
2024/05/17 10:47:14 /home/ngoc/Documents/VCS-SERVER/back-end/internal/repository/user.go:72
[0.303ms] [rows:1] SELECT * FROM "user_roles" WHERE "user_roles"."user_id" = 1
2024/05/17 10:47:14 /home/ngoc/Documents/VCS-SERVER/back-end/internal/repository/user.go:72
[0.543ms] [rows:1] SELECT * FROM "roles" WHERE "roles"."id" = 1
2024/05/17 10:47:14 /home/ngoc/Documents/VCS-SERVER/back-end/internal/repository/user.go:72
[1.498ms] [rows:1] SELECT * FROM "users" WHERE "users"."id" = '1' AND "users"."deleted_at" IS NULL ORDER BY "users"."id" LIMIT 1
2024/05/17 10:47:15 /home/ngoc/Documents/VCS-SERVER/back-end/internal/repository/user.go:72
[0.492ms] [rows:1] SELECT * FROM "user_roles" WHERE "user_roles"."user_id" = 1
2024/05/17 10:47:15 /home/ngoc/Documents/VCS-SERVER/back-end/internal/repository/user.go:72
[0.519ms] [rows:1] SELECT * FROM "roles" WHERE "roles"."id" = 1
2024/05/17 10:47:15 /home/ngoc/Documents/VCS-SERVER/back-end/internal/repository/user.go:72
[1.893ms] [rows:1] SELECT * FROM "users" WHERE "users"."id" = '1' AND "users"."deleted_at" IS NULL ORDER BY "users"."id" LIMIT 1
2024/05/17 10:47:15 /home/ngoc/Documents/VCS-SERVER/back-end/internal/repository/user.go:72
[0.450ms] [rows:1] SELECT * FROM "user_roles" WHERE "user_roles"."user_id" = 1
2024/05/17 10:47:15 /home/ngoc/Documents/VCS-SERVER/back-end/internal/repository/user.go:72
[0.226ms] [rows:1] SELECT * FROM "roles" WHERE "roles"."id" = 1
2024/05/17 10:47:15 /home/ngoc/Documents/VCS-SERVER/back-end/internal/repository/user.go:72
[1.335ms] [rows:1] SELECT * FROM "users" WHERE "users"."id" = '1' AND "users"."deleted_at" IS NULL ORDER BY "users"."id" LIMIT 1
2024/05/17 10:47:15 /home/ngoc/Documents/VCS-SERVER/back-end/internal/repository/user.go:72
[0.498ms] [rows:1] SELECT * FROM "user_roles" WHERE "user_roles"."user_id" = 1
2024/05/17 10:47:15 /home/ngoc/Documents/VCS-SERVER/back-end/internal/repository/user.go:72
[0.551ms] [rows:1] SELECT * FROM "roles" WHERE "roles"."id" = 1
2024/05/17 10:47:15 /home/ngoc/Documents/VCS-SERVER/back-end/internal/repository/user.go:72
[1.728ms] [rows:1] SELECT * FROM "users" WHERE "users"."id" = '1' AND "users"."deleted_at" IS NULL ORDER BY "users"."id" LIMIT 1
2024/05/17 10:47:15 /home/ngoc/Documents/VCS-SERVER/back-end/internal/repository/user.go:72
[0.468ms] [rows:1] SELECT * FROM "user_roles" WHERE "user_roles"."user_id" = 1
2024/05/17 10:47:15 /home/ngoc/Documents/VCS-SERVER/back-end/internal/repository/user.go:72
[0.530ms] [rows:1] SELECT * FROM "roles" WHERE "roles"."id" = 1
2024/05/17 10:47:15 /home/ngoc/Documents/VCS-SERVER/back-end/internal/repository/user.go:72
[1.821ms] [rows:1] SELECT * FROM "users" WHERE "users"."id" = '1' AND "users"."deleted_at" IS NULL ORDER BY "users"."id" LIMIT 1
2024/05/17 10:47:15 /home/ngoc/Documents/VCS-SERVER/back-end/internal/repository/user.go:72
[0.314ms] [rows:1] SELECT * FROM "user_roles" WHERE "user_roles"."user_id" = 1
2024/05/17 10:47:15 /home/ngoc/Documents/VCS-SERVER/back-end/internal/repository/user.go:72
[0.430ms] [rows:1] SELECT * FROM "roles" WHERE "roles"."id" = 1
2024/05/17 10:47:15 /home/ngoc/Documents/VCS-SERVER/back-end/internal/repository/user.go:72
[1.465ms] [rows:1] SELECT * FROM "users" WHERE "users"."id" = '1' AND "users"."deleted_at" IS NULL ORDER BY "users"."id" LIMIT 1
2024/05/17 10:47:15 /home/ngoc/Documents/VCS-SERVER/back-end/internal/repository/user.go:72
[0.501ms] [rows:1] SELECT * FROM "user_roles" WHERE "user_roles"."user_id" = 1
2024/05/17 10:47:15 /home/ngoc/Documents/VCS-SERVER/back-end/internal/repository/user.go:72
[0.816ms] [rows:1] SELECT * FROM "roles" WHERE "roles"."id" = 1
2024/05/17 10:47:15 /home/ngoc/Documents/VCS-SERVER/back-end/internal/repository/user.go:72
[2.476ms] [rows:1] SELECT * FROM "users" WHERE "users"."id" = '1' AND "users"."deleted_at" IS NULL ORDER BY "users"."id" LIMIT 1
2024/05/17 10:47:16 /home/ngoc/Documents/VCS-SERVER/back-end/internal/repository/user.go:72
[0.331ms] [rows:1] SELECT * FROM "user_roles" WHERE "user_roles"."user_id" = 1
2024/05/17 10:47:16 /home/ngoc/Documents/VCS-SERVER/back-end/internal/repository/user.go:72
[0.484ms] [rows:1] SELECT * FROM "roles" WHERE "roles"."id" = 1
2024/05/17 10:47:16 /home/ngoc/Documents/VCS-SERVER/back-end/internal/repository/user.go:72
[1.564ms] [rows:1] SELECT * FROM "users" WHERE "users"."id" = '1' AND "users"."deleted_at" IS NULL ORDER BY "users"."id" LIMIT 1
2024/05/17 10:47:16 /home/ngoc/Documents/VCS-SERVER/back-end/internal/repository/user.go:72
[1.858ms] [rows:1] SELECT * FROM "user_roles" WHERE "user_roles"."user_id" = 1
2024/05/17 10:47:16 /home/ngoc/Documents/VCS-SERVER/back-end/internal/repository/user.go:72
[3.143ms] [rows:1] SELECT * FROM "roles" WHERE "roles"."id" = 1
2024/05/17 10:47:16 /home/ngoc/Documents/VCS-SERVER/back-end/internal/repository/user.go:72
[6.739ms] [rows:1] SELECT * FROM "users" WHERE "users"."id" = '1' AND "users"."deleted_at" IS NULL ORDER BY "users"."id" LIMIT 1
2024/05/17 10:47:16 /home/ngoc/Documents/VCS-SERVER/back-end/internal/repository/user.go:72
[0.319ms] [rows:1] SELECT * FROM "user_roles" WHERE "user_roles"."user_id" = 1
2024/05/17 10:47:16 /home/ngoc/Documents/VCS-SERVER/back-end/internal/repository/user.go:72
[0.361ms] [rows:1] SELECT * FROM "roles" WHERE "roles"."id" = 1
2024/05/17 10:47:16 /home/ngoc/Documents/VCS-SERVER/back-end/internal/repository/user.go:72
[1.415ms] [rows:1] SELECT * FROM "users" WHERE "users"."id" = '1' AND "users"."deleted_at" IS NULL ORDER BY "users"."id" LIMIT 1
2024/05/17 10:47:16 /home/ngoc/Documents/VCS-SERVER/back-end/internal/repository/user.go:72
[0.326ms] [rows:1] SELECT * FROM "user_roles" WHERE "user_roles"."user_id" = 1
2024/05/17 10:47:16 /home/ngoc/Documents/VCS-SERVER/back-end/internal/repository/user.go:72
[0.255ms] [rows:1] SELECT * FROM "roles" WHERE "roles"."id" = 1
2024/05/17 10:47:16 /home/ngoc/Documents/VCS-SERVER/back-end/internal/repository/user.go:72
[1.272ms] [rows:1] SELECT * FROM "users" WHERE "users"."id" = '1' AND "users"."deleted_at" IS NULL ORDER BY "users"."id" LIMIT 1
2024/05/17 10:47:16 /home/ngoc/Documents/VCS-SERVER/back-end/internal/repository/user.go:72
[0.293ms] [rows:1] SELECT * FROM "user_roles" WHERE "user_roles"."user_id" = 1
2024/05/17 10:47:16 /home/ngoc/Documents/VCS-SERVER/back-end/internal/repository/user.go:72
[0.509ms] [rows:1] SELECT * FROM "roles" WHERE "roles"."id" = 1
2024/05/17 10:47:16 /home/ngoc/Documents/VCS-SERVER/back-end/internal/repository/user.go:72
[1.492ms] [rows:1] SELECT * FROM "users" WHERE "users"."id" = '1' AND "users"."deleted_at" IS NULL ORDER BY "users"."id" LIMIT 1
2024/05/17 10:47:17 /home/ngoc/Documents/VCS-SERVER/back-end/internal/repository/user.go:72
[0.347ms] [rows:1] SELECT * FROM "user_roles" WHERE "user_roles"."user_id" = 1
2024/05/17 10:47:17 /home/ngoc/Documents/VCS-SERVER/back-end/internal/repository/user.go:72
[0.439ms] [rows:1] SELECT * FROM "roles" WHERE "roles"."id" = 1
2024/05/17 10:47:17 /home/ngoc/Documents/VCS-SERVER/back-end/internal/repository/user.go:72
[1.628ms] [rows:1] SELECT * FROM "users" WHERE "users"."id" = '1' AND "users"."deleted_at" IS NULL ORDER BY "users"."id" LIMIT 1
2024/05/17 10:47:17 /home/ngoc/Documents/VCS-SERVER/back-end/internal/repository/user.go:72
[0.481ms] [rows:1] SELECT * FROM "user_roles" WHERE "user_roles"."user_id" = 1
2024/05/17 10:47:17 /home/ngoc/Documents/VCS-SERVER/back-end/internal/repository/user.go:72
[0.395ms] [rows:1] SELECT * FROM "roles" WHERE "roles"."id" = 1
2024/05/17 10:47:17 /home/ngoc/Documents/VCS-SERVER/back-end/internal/repository/user.go:72
[1.535ms] [rows:1] SELECT * FROM "users" WHERE "users"."id" = '1' AND "users"."deleted_at" IS NULL ORDER BY "users"."id" LIMIT 1
2024/05/17 10:47:17 /home/ngoc/Documents/VCS-SERVER/back-end/internal/repository/user.go:72
[0.415ms] [rows:1] SELECT * FROM "user_roles" WHERE "user_roles"."user_id" = 1
2024/05/17 10:47:17 /home/ngoc/Documents/VCS-SERVER/back-end/internal/repository/user.go:72
[0.646ms] [rows:1] SELECT * FROM "roles" WHERE "roles"."id" = 1
2024/05/17 10:47:17 /home/ngoc/Documents/VCS-SERVER/back-end/internal/repository/user.go:72
[1.984ms] [rows:1] SELECT * FROM "users" WHERE "users"."id" = '1' AND "users"."deleted_at" IS NULL ORDER BY "users"."id" LIMIT 1
2024/05/17 10:47:17 /home/ngoc/Documents/VCS-SERVER/back-end/internal/repository/user.go:72
[0.343ms] [rows:1] SELECT * FROM "user_roles" WHERE "user_roles"."user_id" = 1
2024/05/17 10:47:17 /home/ngoc/Documents/VCS-SERVER/back-end/internal/repository/user.go:72
[0.252ms] [rows:1] SELECT * FROM "roles" WHERE "roles"."id" = 1
2024/05/17 10:47:17 /home/ngoc/Documents/VCS-SERVER/back-end/internal/repository/user.go:72
[1.713ms] [rows:1] SELECT * FROM "users" WHERE "users"."id" = '1' AND "users"."deleted_at" IS NULL ORDER BY "users"."id" LIMIT 1
2024/05/17 10:47:17 /home/ngoc/Documents/VCS-SERVER/back-end/internal/repository/user.go:72
[0.329ms] [rows:1] SELECT * FROM "user_roles" WHERE "user_roles"."user_id" = 1
2024/05/17 10:47:17 /home/ngoc/Documents/VCS-SERVER/back-end/internal/repository/user.go:72
[0.433ms] [rows:1] SELECT * FROM "roles" WHERE "roles"."id" = 1
2024/05/17 10:47:17 /home/ngoc/Documents/VCS-SERVER/back-end/internal/repository/user.go:72
[1.456ms] [rows:1] SELECT * FROM "users" WHERE "users"."id" = '1' AND "users"."deleted_at" IS NULL ORDER BY "users"."id" LIMIT 1
2024/05/17 10:47:18 /home/ngoc/Documents/VCS-SERVER/back-end/internal/repository/user.go:72
[0.315ms] [rows:1] SELECT * FROM "user_roles" WHERE "user_roles"."user_id" = 1
2024/05/17 10:47:18 /home/ngoc/Documents/VCS-SERVER/back-end/internal/repository/user.go:72
[0.409ms] [rows:1] SELECT * FROM "roles" WHERE "roles"."id" = 1
2024/05/17 10:47:18 /home/ngoc/Documents/VCS-SERVER/back-end/internal/repository/user.go:72
[2.164ms] [rows:1] SELECT * FROM "users" WHERE "users"."id" = '1' AND "users"."deleted_at" IS NULL ORDER BY "users"."id" LIMIT 1
2024/05/17 10:47:18 /home/ngoc/Documents/VCS-SERVER/back-end/internal/repository/user.go:72
[0.363ms] [rows:1] SELECT * FROM "user_roles" WHERE "user_roles"."user_id" = 1
2024/05/17 10:47:18 /home/ngoc/Documents/VCS-SERVER/back-end/internal/repository/user.go:72
[0.168ms] [rows:1] SELECT * FROM "roles" WHERE "roles"."id" = 1
2024/05/17 10:47:18 /home/ngoc/Documents/VCS-SERVER/back-end/internal/repository/user.go:72
[1.377ms] [rows:1] SELECT * FROM "users" WHERE "users"."id" = '1' AND "users"."deleted_at" IS NULL ORDER BY "users"."id" LIMIT 1
2024/05/17 10:47:18 /home/ngoc/Documents/VCS-SERVER/back-end/internal/repository/user.go:72
[0.317ms] [rows:1] SELECT * FROM "user_roles" WHERE "user_roles"."user_id" = 1
2024/05/17 10:47:18 /home/ngoc/Documents/VCS-SERVER/back-end/internal/repository/user.go:72
[0.373ms] [rows:1] SELECT * FROM "roles" WHERE "roles"."id" = 1
2024/05/17 10:47:18 /home/ngoc/Documents/VCS-SERVER/back-end/internal/repository/user.go:72
[2.582ms] [rows:1] SELECT * FROM "users" WHERE "users"."id" = '1' AND "users"."deleted_at" IS NULL ORDER BY "users"."id" LIMIT 1
2024/05/17 10:50:40 /mnt/e/VCS-SERVER/back-end/pkg/service/server_status/postgres.go:64
[33.854ms] [rows:30] SELECT * FROM "servers" WHERE "servers"."deleted_at" IS NULL
2024/05/17 10:51:22 /mnt/e/VCS-SERVER/back-end/internal/repository/user.go:62
[3.600ms] [rows:1] SELECT * FROM "user_roles" WHERE "user_roles"."user_id" = 1
2024/05/17 10:51:22 /mnt/e/VCS-SERVER/back-end/internal/repository/user.go:62
[5.467ms] [rows:1] SELECT * FROM "roles" WHERE "roles"."id" = 1
2024/05/17 10:51:22 /mnt/e/VCS-SERVER/back-end/internal/repository/user.go:62
[21.355ms] [rows:1] SELECT * FROM "users" WHERE username = 'admin' AND "users"."deleted_at" IS NULL ORDER BY "users"."id" LIMIT 1
2024/05/17 10:51:27 /mnt/e/VCS-SERVER/back-end/internal/repository/user.go:62
[1.784ms] [rows:1] SELECT * FROM "user_roles" WHERE "user_roles"."user_id" = 1
2024/05/17 10:51:27 /mnt/e/VCS-SERVER/back-end/internal/repository/user.go:62
[1.283ms] [rows:1] SELECT * FROM "roles" WHERE "roles"."id" = 1
2024/05/17 10:51:27 /mnt/e/VCS-SERVER/back-end/internal/repository/user.go:62
[6.395ms] [rows:1] SELECT * FROM "users" WHERE username = 'admin' AND "users"."deleted_at" IS NULL ORDER BY "users"."id" LIMIT 1
2024/05/17 10:51:31 /mnt/e/VCS-SERVER/back-end/internal/repository/user.go:62
[0.905ms] [rows:1] SELECT * FROM "user_roles" WHERE "user_roles"."user_id" = 1
2024/05/17 10:51:31 /mnt/e/VCS-SERVER/back-end/internal/repository/user.go:62
[1.003ms] [rows:1] SELECT * FROM "roles" WHERE "roles"."id" = 1
2024/05/17 10:51:31 /mnt/e/VCS-SERVER/back-end/internal/repository/user.go:62
[5.192ms] [rows:1] SELECT * FROM "users" WHERE username = 'admin' AND "users"."deleted_at" IS NULL ORDER BY "users"."id" LIMIT 1
2024/05/17 10:51:33 /mnt/e/VCS-SERVER/back-end/internal/repository/user.go:62
[1.050ms] [rows:1] SELECT * FROM "user_roles" WHERE "user_roles"."user_id" = 1
2024/05/17 10:51:33 /mnt/e/VCS-SERVER/back-end/internal/repository/user.go:62
[1.094ms] [rows:1] SELECT * FROM "roles" WHERE "roles"."id" = 1
2024/05/17 10:51:33 /mnt/e/VCS-SERVER/back-end/internal/repository/user.go:62
[5.659ms] [rows:1] SELECT * FROM "users" WHERE username = 'admin' AND "users"."deleted_at" IS NULL ORDER BY "users"."id" LIMIT 1
2024/05/17 10:51:35 /mnt/e/VCS-SERVER/back-end/internal/repository/user.go:62
[1.073ms] [rows:1] SELECT * FROM "user_roles" WHERE "user_roles"."user_id" = 1
2024/05/17 10:51:35 /mnt/e/VCS-SERVER/back-end/internal/repository/user.go:62
[1.123ms] [rows:1] SELECT * FROM "roles" WHERE "roles"."id" = 1
2024/05/17 10:51:35 /mnt/e/VCS-SERVER/back-end/internal/repository/user.go:62
[7.987ms] [rows:1] SELECT * FROM "users" WHERE username = 'admin' AND "users"."deleted_at" IS NULL ORDER BY "users"."id" LIMIT 1
